Connecting to database specified by database.yml
Connecting to database specified by database.yml
Connecting to database specified by database.yml
Compiled jquery-1.9.0.js  (2ms)  (pid 6025)
Compiled jquery_ujs.js  (0ms)  (pid 6025)
Compiled jquery-ui-1.9.2.custom.js  (6ms)  (pid 6025)
Compiled jquery.datetimeentry.js  (0ms)  (pid 6025)
Compiled simpla.jquery.configuration.js  (0ms)  (pid 6025)
Compiled facebox.js  (0ms)  (pid 6025)
Compiled jquery_nested_form.js  (0ms)  (pid 6025)
Compiled jHtmlArea-0.8.0.js  (0ms)  (pid 6025)
Compiled jHtmlArea.ColorPickerMenu-0.8.0.js  (0ms)  (pid 6025)
Compiled application.js  (237ms)  (pid 6025)
Compiled reset.css  (0ms)  (pid 6025)
Compiled style.css  (0ms)  (pid 6025)
Compiled table.css  (0ms)  (pid 6025)
Compiled invalid.css  (0ms)  (pid 6025)
Compiled blue.css  (0ms)  (pid 6025)
Compiled jquery.datetimeentry.css  (0ms)  (pid 6025)
Compiled redmond/jquery-ui-1.9.2.custom.css  (0ms)  (pid 6025)
Compiled jHtmlArea.css  (0ms)  (pid 6025)
Compiled jHtmlArea.ColorPickerMenu.css  (58ms)  (pid 6025)
Compiled application.css  (168ms)  (pid 6025)
