Connecting to database specified by database.yml
Connecting to database specified by database.yml
Compiled jquery-1.9.0.js  (2ms)  (pid 7662)
Compiled jquery_ujs.js  (0ms)  (pid 7662)
Compiled jquery-ui-1.9.2.custom.js  (6ms)  (pid 7662)
Compiled jquery.datetimeentry.js  (0ms)  (pid 7662)
Compiled simpla.jquery.configuration.js  (0ms)  (pid 7662)
Compiled facebox.js  (0ms)  (pid 7662)
Compiled application.js  (147ms)  (pid 7662)
Compiled attendees.js  (0ms)  (pid 7662)
Compiled groups.js  (0ms)  (pid 7662)
Compiled highcharts.js  (2ms)  (pid 7662)
Compiled hours.js  (0ms)  (pid 7662)
Compiled jquery.wysiwyg.js  (0ms)  (pid 7662)
Compiled offerts.js  (0ms)  (pid 7662)
Compiled rooms.js  (0ms)  (pid 7662)
Compiled schedules.js  (0ms)  (pid 7662)
Compiled subgroups.js  (1ms)  (pid 7662)
Compiled workshops.js  (0ms)  (pid 7662)
Connecting to database specified by database.yml
Compiled jquery-1.9.0.js  (2ms)  (pid 3905)
Compiled jquery_ujs.js  (0ms)  (pid 3905)
Compiled jquery-ui-1.9.2.custom.js  (6ms)  (pid 3905)
Compiled jquery.datetimeentry.js  (0ms)  (pid 3905)
Compiled simpla.jquery.configuration.js  (0ms)  (pid 3905)
Compiled facebox.js  (0ms)  (pid 3905)
Compiled jquery_nested_form.js  (0ms)  (pid 3905)
Compiled application.js  (146ms)  (pid 3905)
Compiled attendees.js  (0ms)  (pid 3905)
Compiled groups.js  (0ms)  (pid 3905)
Compiled highcharts.js  (2ms)  (pid 3905)
Compiled hours.js  (0ms)  (pid 3905)
Compiled jquery.wysiwyg.js  (0ms)  (pid 3905)
Compiled offerts.js  (1ms)  (pid 3905)
Compiled rooms.js  (0ms)  (pid 3905)
Compiled schedules.js  (0ms)  (pid 3905)
Compiled subgroups.js  (0ms)  (pid 3905)
Compiled workshops.js  (0ms)  (pid 3905)
Compiled reset.css  (0ms)  (pid 3905)
Compiled style.css  (0ms)  (pid 3905)
Compiled table.css  (0ms)  (pid 3905)
Compiled invalid.css  (0ms)  (pid 3905)
Compiled blue.css  (0ms)  (pid 3905)
Compiled jquery.datetimeentry.css  (0ms)  (pid 3905)
Compiled redmond/jquery-ui-1.9.2.custom.css  (0ms)  (pid 3905)
Compiled application.css  (118ms)  (pid 3905)
Connecting to database specified by database.yml
Compiled jquery-1.9.0.js  (2ms)  (pid 3905)
Compiled jquery_ujs.js  (0ms)  (pid 3905)
Compiled jquery-ui-1.9.2.custom.js  (71ms)  (pid 3905)
Compiled jquery.datetimeentry.js  (0ms)  (pid 3905)
Compiled simpla.jquery.configuration.js  (0ms)  (pid 3905)
Compiled facebox.js  (0ms)  (pid 3905)
Compiled jquery_nested_form.js  (0ms)  (pid 3905)
Compiled application.js  (124ms)  (pid 3905)
Compiled attendees.js  (0ms)  (pid 3905)
Compiled groups.js  (0ms)  (pid 3905)
Compiled highcharts.js  (2ms)  (pid 3905)
Compiled hours.js  (0ms)  (pid 3905)
Compiled jquery.wysiwyg.js  (0ms)  (pid 3905)
Compiled offerts.js  (0ms)  (pid 3905)
Compiled rooms.js  (0ms)  (pid 3905)
Compiled schedules.js  (0ms)  (pid 3905)
Compiled subgroups.js  (0ms)  (pid 3905)
Compiled workshops.js  (0ms)  (pid 3905)
Compiled reset.css  (0ms)  (pid 3905)
Compiled style.css  (0ms)  (pid 3905)
Compiled table.css  (0ms)  (pid 3905)
Compiled invalid.css  (0ms)  (pid 3905)
Compiled blue.css  (0ms)  (pid 3905)
Compiled jquery.datetimeentry.css  (0ms)  (pid 3905)
Compiled redmond/jquery-ui-1.9.2.custom.css  (0ms)  (pid 3905)
Compiled application.css  (28ms)  (pid 3905)
Connecting to database specified by database.yml
Compiled jquery-1.9.0.js  (2ms)  (pid 7270)
Compiled jquery_ujs.js  (0ms)  (pid 7270)
Compiled jquery-ui-1.9.2.custom.js  (6ms)  (pid 7270)
Compiled jquery.datetimeentry.js  (0ms)  (pid 7270)
Compiled simpla.jquery.configuration.js  (0ms)  (pid 7270)
Compiled facebox.js  (0ms)  (pid 7270)
Compiled jquery_nested_form.js  (0ms)  (pid 7270)
Compiled application.js  (363ms)  (pid 7270)
Compiled attendees.js  (0ms)  (pid 7270)
Compiled groups.js  (0ms)  (pid 7270)
Compiled highcharts.js  (2ms)  (pid 7270)
Compiled hours.js  (0ms)  (pid 7270)
Compiled jquery.wysiwyg.js  (0ms)  (pid 7270)
Compiled offerts.js  (0ms)  (pid 7270)
Compiled rooms.js  (0ms)  (pid 7270)
Compiled schedules.js  (0ms)  (pid 7270)
Compiled subgroups.js  (0ms)  (pid 7270)
Compiled workshops.js  (0ms)  (pid 7270)
Compiled reset.css  (0ms)  (pid 7270)
Compiled style.css  (0ms)  (pid 7270)
Compiled table.css  (0ms)  (pid 7270)
Compiled invalid.css  (0ms)  (pid 7270)
Compiled blue.css  (0ms)  (pid 7270)
Compiled jquery.datetimeentry.css  (0ms)  (pid 7270)
Compiled redmond/jquery-ui-1.9.2.custom.css  (0ms)  (pid 7270)
Compiled application.css  (209ms)  (pid 7270)
Connecting to database specified by database.yml
Compiled jquery-1.9.0.js  (65ms)  (pid 7270)
Compiled jquery_ujs.js  (0ms)  (pid 7270)
Compiled jquery-ui-1.9.2.custom.js  (6ms)  (pid 7270)
Compiled jquery.datetimeentry.js  (0ms)  (pid 7270)
Compiled simpla.jquery.configuration.js  (0ms)  (pid 7270)
Compiled facebox.js  (0ms)  (pid 7270)
Compiled jquery_nested_form.js  (0ms)  (pid 7270)
Compiled application.js  (174ms)  (pid 7270)
Compiled attendees.js  (0ms)  (pid 7270)
Compiled groups.js  (0ms)  (pid 7270)
Compiled highcharts.js  (1ms)  (pid 7270)
Compiled hours.js  (0ms)  (pid 7270)
Compiled jquery.wysiwyg.js  (0ms)  (pid 7270)
Compiled offerts.js  (0ms)  (pid 7270)
Compiled rooms.js  (0ms)  (pid 7270)
Compiled schedules.js  (0ms)  (pid 7270)
Compiled subgroups.js  (0ms)  (pid 7270)
Compiled workshops.js  (0ms)  (pid 7270)
Compiled reset.css  (0ms)  (pid 7270)
Compiled style.css  (0ms)  (pid 7270)
Compiled table.css  (0ms)  (pid 7270)
Compiled invalid.css  (0ms)  (pid 7270)
Compiled blue.css  (0ms)  (pid 7270)
Compiled jquery.datetimeentry.css  (0ms)  (pid 7270)
Compiled redmond/jquery-ui-1.9.2.custom.css  (0ms)  (pid 7270)
Compiled application.css  (70ms)  (pid 7270)
Connecting to database specified by database.yml
Compiled jquery-1.9.0.js  (2ms)  (pid 11320)
Compiled jquery_ujs.js  (0ms)  (pid 11320)
Compiled jquery-ui-1.9.2.custom.js  (12ms)  (pid 11320)
Compiled jquery.datetimeentry.js  (0ms)  (pid 11320)
Compiled simpla.jquery.configuration.js  (0ms)  (pid 11320)
Compiled facebox.js  (0ms)  (pid 11320)
Compiled jquery_nested_form.js  (0ms)  (pid 11320)
Compiled application.js  (254ms)  (pid 11320)
Compiled attendees.js  (0ms)  (pid 11320)
Compiled groups.js  (0ms)  (pid 11320)
Compiled highcharts.js  (2ms)  (pid 11320)
Compiled hours.js  (0ms)  (pid 11320)
Compiled jquery.wysiwyg.js  (0ms)  (pid 11320)
Compiled offerts.js  (0ms)  (pid 11320)
Compiled rooms.js  (0ms)  (pid 11320)
Compiled schedules.js  (0ms)  (pid 11320)
Compiled subgroups.js  (0ms)  (pid 11320)
Compiled workshops.js  (0ms)  (pid 11320)
Compiled reset.css  (0ms)  (pid 11320)
Compiled style.css  (0ms)  (pid 11320)
Compiled table.css  (0ms)  (pid 11320)
Compiled invalid.css  (0ms)  (pid 11320)
Compiled blue.css  (0ms)  (pid 11320)
Compiled jquery.datetimeentry.css  (0ms)  (pid 11320)
Compiled redmond/jquery-ui-1.9.2.custom.css  (0ms)  (pid 11320)
Compiled application.css  (165ms)  (pid 11320)
Connecting to database specified by database.yml
Compiled jquery-1.9.0.js  (2ms)  (pid 11320)
Compiled jquery_ujs.js  (0ms)  (pid 11320)
Compiled jquery-ui-1.9.2.custom.js  (58ms)  (pid 11320)
Compiled jquery.datetimeentry.js  (0ms)  (pid 11320)
Compiled simpla.jquery.configuration.js  (0ms)  (pid 11320)
Compiled facebox.js  (0ms)  (pid 11320)
Compiled jquery_nested_form.js  (0ms)  (pid 11320)
Compiled application.js  (102ms)  (pid 11320)
Compiled attendees.js  (0ms)  (pid 11320)
Compiled groups.js  (0ms)  (pid 11320)
Compiled highcharts.js  (2ms)  (pid 11320)
Compiled hours.js  (0ms)  (pid 11320)
Compiled jquery.wysiwyg.js  (0ms)  (pid 11320)
Compiled offerts.js  (0ms)  (pid 11320)
Compiled rooms.js  (0ms)  (pid 11320)
Compiled schedules.js  (0ms)  (pid 11320)
Compiled subgroups.js  (0ms)  (pid 11320)
Compiled workshops.js  (0ms)  (pid 11320)
Compiled reset.css  (0ms)  (pid 11320)
Compiled style.css  (0ms)  (pid 11320)
Compiled table.css  (0ms)  (pid 11320)
Compiled invalid.css  (0ms)  (pid 11320)
Compiled blue.css  (0ms)  (pid 11320)
Compiled jquery.datetimeentry.css  (0ms)  (pid 11320)
Compiled redmond/jquery-ui-1.9.2.custom.css  (0ms)  (pid 11320)
Compiled application.css  (34ms)  (pid 11320)
Connecting to database specified by database.yml
Connecting to database specified by database.yml
Compiled jquery-1.9.0.js  (2ms)  (pid 12320)
Compiled jquery_ujs.js  (0ms)  (pid 12320)
Compiled jquery-ui-1.9.2.custom.js  (6ms)  (pid 12320)
Compiled jquery.datetimeentry.js  (0ms)  (pid 12320)
Compiled simpla.jquery.configuration.js  (0ms)  (pid 12320)
Compiled facebox.js  (0ms)  (pid 12320)
Compiled jquery_nested_form.js  (0ms)  (pid 12320)
Compiled application.js  (246ms)  (pid 12320)
Compiled attendees.js  (0ms)  (pid 12320)
Compiled groups.js  (0ms)  (pid 12320)
Compiled highcharts.js  (2ms)  (pid 12320)
Compiled hours.js  (0ms)  (pid 12320)
Compiled jquery.wysiwyg.js  (0ms)  (pid 12320)
Compiled offerts.js  (0ms)  (pid 12320)
Compiled rooms.js  (0ms)  (pid 12320)
Compiled schedules.js  (0ms)  (pid 12320)
Compiled subgroups.js  (0ms)  (pid 12320)
Compiled workshops.js  (0ms)  (pid 12320)
Compiled reset.css  (0ms)  (pid 12320)
Compiled style.css  (0ms)  (pid 12320)
Compiled table.css  (0ms)  (pid 12320)
Compiled invalid.css  (0ms)  (pid 12320)
Compiled blue.css  (0ms)  (pid 12320)
Compiled jquery.datetimeentry.css  (0ms)  (pid 12320)
Compiled redmond/jquery-ui-1.9.2.custom.css  (79ms)  (pid 12320)
Compiled application.css  (145ms)  (pid 12320)
Connecting to database specified by database.yml
Compiled jquery-1.9.0.js  (4ms)  (pid 12320)
Compiled jquery_ujs.js  (0ms)  (pid 12320)
Compiled jquery-ui-1.9.2.custom.js  (103ms)  (pid 12320)
Compiled jquery.datetimeentry.js  (0ms)  (pid 12320)
Compiled simpla.jquery.configuration.js  (0ms)  (pid 12320)
Compiled facebox.js  (0ms)  (pid 12320)
Compiled jquery_nested_form.js  (0ms)  (pid 12320)
Compiled application.js  (188ms)  (pid 12320)
Compiled attendees.js  (0ms)  (pid 12320)
Compiled groups.js  (0ms)  (pid 12320)
Compiled highcharts.js  (2ms)  (pid 12320)
Compiled hours.js  (0ms)  (pid 12320)
Compiled jquery.wysiwyg.js  (0ms)  (pid 12320)
Compiled offerts.js  (0ms)  (pid 12320)
Compiled rooms.js  (0ms)  (pid 12320)
Compiled schedules.js  (0ms)  (pid 12320)
Compiled subgroups.js  (0ms)  (pid 12320)
Compiled workshops.js  (0ms)  (pid 12320)
Compiled reset.css  (0ms)  (pid 12320)
Compiled style.css  (0ms)  (pid 12320)
Compiled table.css  (0ms)  (pid 12320)
Compiled invalid.css  (0ms)  (pid 12320)
Compiled blue.css  (0ms)  (pid 12320)
Compiled jquery.datetimeentry.css  (0ms)  (pid 12320)
Compiled redmond/jquery-ui-1.9.2.custom.css  (0ms)  (pid 12320)
Compiled application.css  (126ms)  (pid 12320)
Connecting to database specified by database.yml
Compiled jquery-1.9.0.js  (54ms)  (pid 16187)
Compiled jquery_ujs.js  (0ms)  (pid 16187)
Compiled jquery-ui-1.9.2.custom.js  (6ms)  (pid 16187)
Compiled jquery.datetimeentry.js  (0ms)  (pid 16187)
Compiled simpla.jquery.configuration.js  (0ms)  (pid 16187)
Compiled facebox.js  (0ms)  (pid 16187)
Compiled jquery_nested_form.js  (0ms)  (pid 16187)
Compiled markitup.js  (0ms)  (pid 16187)
Compiled markitup/sets/xbbcode/set.js  (0ms)  (pid 16187)
Compiled application.js  (261ms)  (pid 16187)
Compiled attendees.js  (0ms)  (pid 16187)
Compiled groups.js  (0ms)  (pid 16187)
Compiled highcharts.js  (2ms)  (pid 16187)
Compiled hours.js  (0ms)  (pid 16187)
Compiled jquery.wysiwyg.js  (0ms)  (pid 16187)
Compiled offerts.js  (0ms)  (pid 16187)
Compiled rooms.js  (0ms)  (pid 16187)
Compiled schedules.js  (0ms)  (pid 16187)
Compiled subgroups.js  (0ms)  (pid 16187)
Compiled workshops.js  (0ms)  (pid 16187)
Compiled reset.css  (0ms)  (pid 16187)
Compiled style.css  (0ms)  (pid 16187)
Compiled table.css  (0ms)  (pid 16187)
Compiled invalid.css  (0ms)  (pid 16187)
Compiled blue.css  (0ms)  (pid 16187)
Compiled jquery.datetimeentry.css  (0ms)  (pid 16187)
Compiled redmond/jquery-ui-1.9.2.custom.css  (0ms)  (pid 16187)
Compiled markitup/skins/markitup/style.css  (250ms)  (pid 16187)
Compiled markitup/sets/xbbcode/style.css  (317ms)  (pid 16187)
Compiled application.css  (658ms)  (pid 16187)
Connecting to database specified by database.yml
Compiled jquery-1.9.0.js  (2ms)  (pid 16187)
Compiled jquery_ujs.js  (0ms)  (pid 16187)
Compiled jquery-ui-1.9.2.custom.js  (67ms)  (pid 16187)
Compiled jquery.datetimeentry.js  (0ms)  (pid 16187)
Compiled simpla.jquery.configuration.js  (0ms)  (pid 16187)
Compiled facebox.js  (0ms)  (pid 16187)
Compiled jquery_nested_form.js  (0ms)  (pid 16187)
Compiled markitup.js  (0ms)  (pid 16187)
Compiled markitup/sets/xbbcode/set.js  (0ms)  (pid 16187)
Compiled application.js  (178ms)  (pid 16187)
Compiled attendees.js  (0ms)  (pid 16187)
Compiled groups.js  (0ms)  (pid 16187)
Compiled highcharts.js  (2ms)  (pid 16187)
Compiled hours.js  (0ms)  (pid 16187)
Compiled jquery.wysiwyg.js  (0ms)  (pid 16187)
Compiled offerts.js  (0ms)  (pid 16187)
Compiled rooms.js  (0ms)  (pid 16187)
Compiled schedules.js  (0ms)  (pid 16187)
Compiled subgroups.js  (0ms)  (pid 16187)
Compiled workshops.js  (0ms)  (pid 16187)
Compiled reset.css  (0ms)  (pid 16187)
Compiled style.css  (0ms)  (pid 16187)
Compiled table.css  (0ms)  (pid 16187)
Compiled invalid.css  (0ms)  (pid 16187)
Compiled blue.css  (0ms)  (pid 16187)
Compiled jquery.datetimeentry.css  (0ms)  (pid 16187)
Compiled redmond/jquery-ui-1.9.2.custom.css  (0ms)  (pid 16187)
Compiled markitup/skins/markitup/style.css  (168ms)  (pid 16187)
Compiled markitup/sets/xbbcode/style.css  (14ms)  (pid 16187)
Compiled application.css  (238ms)  (pid 16187)
Connecting to database specified by database.yml
Compiled jquery-1.9.0.js  (2ms)  (pid 17179)
Compiled markitup.js  (0ms)  (pid 17179)
Compiled markitup/sets/xbbcode/set.js  (0ms)  (pid 17179)
Compiled jquery_ujs.js  (0ms)  (pid 17179)
Compiled jquery-ui-1.9.2.custom.js  (64ms)  (pid 17179)
Compiled jquery.datetimeentry.js  (0ms)  (pid 17179)
Compiled simpla.jquery.configuration.js  (0ms)  (pid 17179)
Compiled facebox.js  (0ms)  (pid 17179)
Compiled jquery_nested_form.js  (0ms)  (pid 17179)
Compiled application.js  (257ms)  (pid 17179)
Compiled attendees.js  (0ms)  (pid 17179)
Compiled groups.js  (0ms)  (pid 17179)
Compiled highcharts.js  (2ms)  (pid 17179)
Compiled hours.js  (0ms)  (pid 17179)
Compiled jquery.wysiwyg.js  (0ms)  (pid 17179)
Compiled offerts.js  (0ms)  (pid 17179)
Compiled rooms.js  (0ms)  (pid 17179)
Compiled schedules.js  (0ms)  (pid 17179)
Compiled subgroups.js  (0ms)  (pid 17179)
Compiled workshops.js  (0ms)  (pid 17179)
Compiled reset.css  (0ms)  (pid 17179)
Compiled style.css  (0ms)  (pid 17179)
Compiled table.css  (0ms)  (pid 17179)
Compiled invalid.css  (0ms)  (pid 17179)
Compiled blue.css  (0ms)  (pid 17179)
Compiled jquery.datetimeentry.css  (0ms)  (pid 17179)
Compiled redmond/jquery-ui-1.9.2.custom.css  (0ms)  (pid 17179)
Compiled markitup/skins/markitup/style.css  (5124ms)  (pid 17179)
Compiled markitup/sets/xbbcode/style.css  (235ms)  (pid 17179)
Compiled application.css  (5779ms)  (pid 17179)
Connecting to database specified by database.yml
Compiled jquery-1.9.0.js  (3ms)  (pid 17179)
Compiled markitup.js  (0ms)  (pid 17179)
Compiled markitup/sets/xbbcode/set.js  (0ms)  (pid 17179)
Compiled jquery_ujs.js  (0ms)  (pid 17179)
Compiled jquery-ui-1.9.2.custom.js  (6ms)  (pid 17179)
Compiled jquery.datetimeentry.js  (0ms)  (pid 17179)
Compiled simpla.jquery.configuration.js  (0ms)  (pid 17179)
Compiled facebox.js  (0ms)  (pid 17179)
Compiled jquery_nested_form.js  (0ms)  (pid 17179)
Compiled application.js  (319ms)  (pid 17179)
Compiled attendees.js  (0ms)  (pid 17179)
Compiled groups.js  (0ms)  (pid 17179)
Compiled highcharts.js  (2ms)  (pid 17179)
Compiled hours.js  (0ms)  (pid 17179)
Compiled jquery.wysiwyg.js  (0ms)  (pid 17179)
Compiled offerts.js  (0ms)  (pid 17179)
Compiled rooms.js  (0ms)  (pid 17179)
Compiled schedules.js  (0ms)  (pid 17179)
Compiled subgroups.js  (0ms)  (pid 17179)
Compiled workshops.js  (0ms)  (pid 17179)
Compiled reset.css  (0ms)  (pid 17179)
Compiled style.css  (0ms)  (pid 17179)
Compiled table.css  (0ms)  (pid 17179)
Compiled invalid.css  (0ms)  (pid 17179)
Compiled blue.css  (0ms)  (pid 17179)
Compiled jquery.datetimeentry.css  (0ms)  (pid 17179)
Compiled redmond/jquery-ui-1.9.2.custom.css  (0ms)  (pid 17179)
Compiled markitup/skins/markitup/style.css  (151ms)  (pid 17179)
Compiled markitup/sets/xbbcode/style.css  (14ms)  (pid 17179)
Compiled application.css  (204ms)  (pid 17179)
Connecting to database specified by database.yml
Compiled jquery-1.9.0.js  (2ms)  (pid 17854)
Compiled jHtmlArea-0.8.0.js  (0ms)  (pid 17854)
Compiled jHtmlArea.ColorPickerMenu-0.8.0.js  (0ms)  (pid 17854)
Compiled jquery_ujs.js  (55ms)  (pid 17854)
Compiled jquery-ui-1.9.2.custom.js  (6ms)  (pid 17854)
Compiled jquery.datetimeentry.js  (0ms)  (pid 17854)
Compiled simpla.jquery.configuration.js  (0ms)  (pid 17854)
Compiled facebox.js  (0ms)  (pid 17854)
Compiled jquery_nested_form.js  (0ms)  (pid 17854)
Compiled application.js  (1170ms)  (pid 17854)
Compiled attendees.js  (0ms)  (pid 17854)
Compiled groups.js  (0ms)  (pid 17854)
Compiled highcharts.js  (3ms)  (pid 17854)
Compiled hours.js  (0ms)  (pid 17854)
Compiled jquery.wysiwyg.js  (0ms)  (pid 17854)
Compiled offerts.js  (0ms)  (pid 17854)
Compiled rooms.js  (0ms)  (pid 17854)
Compiled schedules.js  (0ms)  (pid 17854)
Compiled subgroups.js  (0ms)  (pid 17854)
Compiled workshops.js  (0ms)  (pid 17854)
Compiled reset.css  (0ms)  (pid 17854)
Compiled style.css  (0ms)  (pid 17854)
Compiled table.css  (0ms)  (pid 17854)
Compiled invalid.css  (0ms)  (pid 17854)
Compiled blue.css  (0ms)  (pid 17854)
Compiled jquery.datetimeentry.css  (0ms)  (pid 17854)
Compiled redmond/jquery-ui-1.9.2.custom.css  (0ms)  (pid 17854)
Compiled jHtmlArea.css  (747ms)  (pid 17854)
Compiled jHtmlArea.ColorPickerMenu.css  (7ms)  (pid 17854)
Compiled application.css  (992ms)  (pid 17854)
Connecting to database specified by database.yml
Compiled jquery-1.9.0.js  (2ms)  (pid 17854)
Compiled jHtmlArea-0.8.0.js  (0ms)  (pid 17854)
Compiled jHtmlArea.ColorPickerMenu-0.8.0.js  (0ms)  (pid 17854)
Compiled jquery_ujs.js  (0ms)  (pid 17854)
Compiled jquery-ui-1.9.2.custom.js  (14ms)  (pid 17854)
Compiled jquery.datetimeentry.js  (0ms)  (pid 17854)
Compiled simpla.jquery.configuration.js  (0ms)  (pid 17854)
Compiled facebox.js  (0ms)  (pid 17854)
Compiled jquery_nested_form.js  (0ms)  (pid 17854)
Compiled application.js  (589ms)  (pid 17854)
Compiled attendees.js  (0ms)  (pid 17854)
Compiled groups.js  (0ms)  (pid 17854)
Compiled highcharts.js  (2ms)  (pid 17854)
Compiled hours.js  (0ms)  (pid 17854)
Compiled jquery.wysiwyg.js  (0ms)  (pid 17854)
Compiled offerts.js  (0ms)  (pid 17854)
Compiled rooms.js  (0ms)  (pid 17854)
Compiled schedules.js  (0ms)  (pid 17854)
Compiled subgroups.js  (0ms)  (pid 17854)
Compiled workshops.js  (0ms)  (pid 17854)
Compiled reset.css  (0ms)  (pid 17854)
Compiled style.css  (0ms)  (pid 17854)
Compiled table.css  (0ms)  (pid 17854)
Compiled invalid.css  (0ms)  (pid 17854)
Compiled blue.css  (0ms)  (pid 17854)
Compiled jquery.datetimeentry.css  (0ms)  (pid 17854)
Compiled redmond/jquery-ui-1.9.2.custom.css  (0ms)  (pid 17854)
Compiled jHtmlArea.css  (1480ms)  (pid 17854)
Compiled jHtmlArea.ColorPickerMenu.css  (5ms)  (pid 17854)
Compiled application.css  (1702ms)  (pid 17854)
Connecting to database specified by database.yml
Compiled jquery-1.9.0.js  (2ms)  (pid 21373)
Compiled jquery_ujs.js  (0ms)  (pid 21373)
Compiled jquery-ui-1.9.2.custom.js  (52ms)  (pid 21373)
Compiled jHtmlArea-0.7.5.js  (0ms)  (pid 21373)
Compiled jHtmlArea.ColorPickerMenu-0.7.0.js  (0ms)  (pid 21373)
Compiled jquery.datetimeentry.js  (0ms)  (pid 21373)
Compiled simpla.jquery.configuration.js  (0ms)  (pid 21373)
Compiled facebox.js  (0ms)  (pid 21373)
Compiled jquery_nested_form.js  (0ms)  (pid 21373)
Compiled application.js  (215ms)  (pid 21373)
Compiled attendees.js  (0ms)  (pid 21373)
Compiled groups.js  (0ms)  (pid 21373)
Compiled highcharts.js  (2ms)  (pid 21373)
Compiled hours.js  (0ms)  (pid 21373)
Compiled jquery.wysiwyg.js  (0ms)  (pid 21373)
Compiled offerts.js  (0ms)  (pid 21373)
Compiled rooms.js  (0ms)  (pid 21373)
Compiled schedules.js  (0ms)  (pid 21373)
Compiled subgroups.js  (0ms)  (pid 21373)
Compiled workshops.js  (0ms)  (pid 21373)
Compiled reset.css  (0ms)  (pid 21373)
Compiled style.css  (0ms)  (pid 21373)
Compiled table.css  (0ms)  (pid 21373)
Compiled invalid.css  (0ms)  (pid 21373)
Compiled blue.css  (0ms)  (pid 21373)
Compiled jquery.datetimeentry.css  (0ms)  (pid 21373)
Compiled redmond/jquery-ui-1.9.2.custom.css  (0ms)  (pid 21373)
Compiled jHtmlArea.css  (0ms)  (pid 21373)
Compiled jHtmlArea.ColorPickerMenu.css  (0ms)  (pid 21373)
Compiled application.css  (96ms)  (pid 21373)
Connecting to database specified by database.yml
Compiled jquery-1.9.0.js  (2ms)  (pid 21373)
Compiled jquery_ujs.js  (0ms)  (pid 21373)
Compiled jquery-ui-1.9.2.custom.js  (7ms)  (pid 21373)
Compiled jHtmlArea-0.7.5.js  (0ms)  (pid 21373)
Compiled jHtmlArea.ColorPickerMenu-0.7.0.js  (0ms)  (pid 21373)
Compiled jquery.datetimeentry.js  (0ms)  (pid 21373)
Compiled simpla.jquery.configuration.js  (0ms)  (pid 21373)
Compiled facebox.js  (0ms)  (pid 21373)
Compiled jquery_nested_form.js  (0ms)  (pid 21373)
Compiled application.js  (126ms)  (pid 21373)
Compiled attendees.js  (0ms)  (pid 21373)
Compiled groups.js  (0ms)  (pid 21373)
Compiled highcharts.js  (2ms)  (pid 21373)
Compiled hours.js  (0ms)  (pid 21373)
Compiled jquery.wysiwyg.js  (0ms)  (pid 21373)
Compiled offerts.js  (0ms)  (pid 21373)
Compiled rooms.js  (0ms)  (pid 21373)
Compiled schedules.js  (0ms)  (pid 21373)
Compiled subgroups.js  (0ms)  (pid 21373)
Compiled workshops.js  (0ms)  (pid 21373)
Compiled reset.css  (0ms)  (pid 21373)
Compiled style.css  (0ms)  (pid 21373)
Compiled table.css  (0ms)  (pid 21373)
Compiled invalid.css  (0ms)  (pid 21373)
Compiled blue.css  (0ms)  (pid 21373)
Compiled jquery.datetimeentry.css  (0ms)  (pid 21373)
Compiled redmond/jquery-ui-1.9.2.custom.css  (0ms)  (pid 21373)
Compiled jHtmlArea.css  (0ms)  (pid 21373)
Compiled jHtmlArea.ColorPickerMenu.css  (0ms)  (pid 21373)
Compiled application.css  (93ms)  (pid 21373)
Connecting to database specified by database.yml
Connecting to database specified by database.yml
Compiled jquery-1.9.0.js  (2ms)  (pid 21625)
Compiled jquery_ujs.js  (0ms)  (pid 21625)
Compiled jquery-ui-1.9.2.custom.js  (6ms)  (pid 21625)
Compiled jquery.datetimeentry.js  (46ms)  (pid 21625)
Compiled simpla.jquery.configuration.js  (0ms)  (pid 21625)
Compiled facebox.js  (0ms)  (pid 21625)
Compiled jquery_nested_form.js  (0ms)  (pid 21625)
Compiled application.js  (155ms)  (pid 21625)
Compiled attendees.js  (0ms)  (pid 21625)
Compiled groups.js  (0ms)  (pid 21625)
Compiled highcharts.js  (2ms)  (pid 21625)
Compiled hours.js  (0ms)  (pid 21625)
Compiled jquery.wysiwyg.js  (0ms)  (pid 21625)
Compiled offerts.js  (0ms)  (pid 21625)
Compiled rooms.js  (0ms)  (pid 21625)
Compiled schedules.js  (0ms)  (pid 21625)
Compiled subgroups.js  (0ms)  (pid 21625)
Compiled workshops.js  (0ms)  (pid 21625)
Compiled reset.css  (0ms)  (pid 21625)
Compiled style.css  (0ms)  (pid 21625)
Compiled table.css  (0ms)  (pid 21625)
Compiled invalid.css  (0ms)  (pid 21625)
Compiled blue.css  (0ms)  (pid 21625)
Compiled jquery.datetimeentry.css  (0ms)  (pid 21625)
Compiled redmond/jquery-ui-1.9.2.custom.css  (0ms)  (pid 21625)
Compiled jHtmlArea.css  (0ms)  (pid 21625)
Compiled jHtmlArea.ColorPickerMenu.css  (0ms)  (pid 21625)
Compiled application.css  (134ms)  (pid 21625)
Connecting to database specified by database.yml
Compiled jquery-1.9.0.js  (2ms)  (pid 21625)
Compiled jquery_ujs.js  (0ms)  (pid 21625)
Compiled jquery-ui-1.9.2.custom.js  (55ms)  (pid 21625)
Compiled jquery.datetimeentry.js  (0ms)  (pid 21625)
Compiled simpla.jquery.configuration.js  (0ms)  (pid 21625)
Compiled facebox.js  (0ms)  (pid 21625)
Compiled jquery_nested_form.js  (0ms)  (pid 21625)
Compiled application.js  (97ms)  (pid 21625)
Compiled attendees.js  (0ms)  (pid 21625)
Compiled groups.js  (0ms)  (pid 21625)
Compiled highcharts.js  (2ms)  (pid 21625)
Compiled hours.js  (0ms)  (pid 21625)
Compiled jquery.wysiwyg.js  (0ms)  (pid 21625)
Compiled offerts.js  (0ms)  (pid 21625)
Compiled rooms.js  (0ms)  (pid 21625)
Compiled schedules.js  (0ms)  (pid 21625)
Compiled subgroups.js  (0ms)  (pid 21625)
Compiled workshops.js  (0ms)  (pid 21625)
Compiled reset.css  (0ms)  (pid 21625)
Compiled style.css  (0ms)  (pid 21625)
Compiled table.css  (0ms)  (pid 21625)
Compiled invalid.css  (0ms)  (pid 21625)
Compiled blue.css  (0ms)  (pid 21625)
Compiled jquery.datetimeentry.css  (0ms)  (pid 21625)
Compiled redmond/jquery-ui-1.9.2.custom.css  (0ms)  (pid 21625)
Compiled jHtmlArea.css  (0ms)  (pid 21625)
Compiled jHtmlArea.ColorPickerMenu.css  (0ms)  (pid 21625)
Compiled application.css  (64ms)  (pid 21625)
Connecting to database specified by database.yml
Compiled jquery-1.9.0.js  (54ms)  (pid 22278)
Compiled jquery_ujs.js  (0ms)  (pid 22278)
Compiled jquery-ui-1.9.2.custom.js  (7ms)  (pid 22278)
Compiled jquery.datetimeentry.js  (0ms)  (pid 22278)
Compiled simpla.jquery.configuration.js  (0ms)  (pid 22278)
Compiled facebox.js  (0ms)  (pid 22278)
Compiled jquery_nested_form.js  (0ms)  (pid 22278)
Compiled application.js  (206ms)  (pid 22278)
Compiled attendees.js  (0ms)  (pid 22278)
Compiled groups.js  (0ms)  (pid 22278)
Compiled highcharts.js  (3ms)  (pid 22278)
Compiled hours.js  (0ms)  (pid 22278)
Compiled jquery.wysiwyg.js  (0ms)  (pid 22278)
Compiled offerts.js  (0ms)  (pid 22278)
Compiled rooms.js  (0ms)  (pid 22278)
Compiled schedules.js  (0ms)  (pid 22278)
Compiled subgroups.js  (0ms)  (pid 22278)
Compiled workshops.js  (0ms)  (pid 22278)
Compiled reset.css  (0ms)  (pid 22278)
Compiled style.css  (0ms)  (pid 22278)
Compiled table.css  (0ms)  (pid 22278)
Compiled invalid.css  (0ms)  (pid 22278)
Compiled blue.css  (0ms)  (pid 22278)
Compiled jquery.datetimeentry.css  (0ms)  (pid 22278)
Compiled redmond/jquery-ui-1.9.2.custom.css  (0ms)  (pid 22278)
Compiled jHtmlArea.css  (0ms)  (pid 22278)
Compiled jHtmlArea.ColorPickerMenu.css  (0ms)  (pid 22278)
Compiled application.css  (89ms)  (pid 22278)
Connecting to database specified by database.yml
Compiled jquery-1.9.0.js  (2ms)  (pid 22278)
Compiled jquery_ujs.js  (0ms)  (pid 22278)
Compiled jquery-ui-1.9.2.custom.js  (57ms)  (pid 22278)
Compiled jquery.datetimeentry.js  (0ms)  (pid 22278)
Compiled simpla.jquery.configuration.js  (0ms)  (pid 22278)
Compiled facebox.js  (0ms)  (pid 22278)
Compiled jquery_nested_form.js  (0ms)  (pid 22278)
Compiled application.js  (98ms)  (pid 22278)
Compiled attendees.js  (0ms)  (pid 22278)
Compiled groups.js  (0ms)  (pid 22278)
Compiled highcharts.js  (2ms)  (pid 22278)
Compiled hours.js  (0ms)  (pid 22278)
Compiled jquery.wysiwyg.js  (0ms)  (pid 22278)
Compiled offerts.js  (0ms)  (pid 22278)
Compiled rooms.js  (0ms)  (pid 22278)
Compiled schedules.js  (0ms)  (pid 22278)
Compiled subgroups.js  (0ms)  (pid 22278)
Compiled workshops.js  (0ms)  (pid 22278)
Compiled reset.css  (0ms)  (pid 22278)
Compiled style.css  (0ms)  (pid 22278)
Compiled table.css  (0ms)  (pid 22278)
Compiled invalid.css  (0ms)  (pid 22278)
Compiled blue.css  (0ms)  (pid 22278)
Compiled jquery.datetimeentry.css  (0ms)  (pid 22278)
Compiled redmond/jquery-ui-1.9.2.custom.css  (1ms)  (pid 22278)
Compiled jHtmlArea.css  (0ms)  (pid 22278)
Compiled jHtmlArea.ColorPickerMenu.css  (0ms)  (pid 22278)
Compiled application.css  (212ms)  (pid 22278)
Connecting to database specified by database.yml
Compiled jquery-1.9.0.js  (65ms)  (pid 22563)
Compiled jquery_ujs.js  (0ms)  (pid 22563)
Compiled jquery-ui-1.9.2.custom.js  (6ms)  (pid 22563)
Compiled jquery.datetimeentry.js  (0ms)  (pid 22563)
Compiled simpla.jquery.configuration.js  (0ms)  (pid 22563)
Compiled facebox.js  (0ms)  (pid 22563)
Compiled jquery_nested_form.js  (0ms)  (pid 22563)
Compiled jHtmlArea-0.7.5.js  (0ms)  (pid 22563)
Compiled jHtmlArea.ColorPickerMenu-0.7.0.js  (0ms)  (pid 22563)
Compiled application.js  (169ms)  (pid 22563)
Compiled attendees.js  (0ms)  (pid 22563)
Compiled groups.js  (0ms)  (pid 22563)
Compiled highcharts.js  (2ms)  (pid 22563)
Compiled hours.js  (0ms)  (pid 22563)
Compiled jquery.wysiwyg.js  (0ms)  (pid 22563)
Compiled offerts.js  (0ms)  (pid 22563)
Compiled rooms.js  (0ms)  (pid 22563)
Compiled schedules.js  (0ms)  (pid 22563)
Compiled subgroups.js  (0ms)  (pid 22563)
Compiled workshops.js  (0ms)  (pid 22563)
Compiled reset.css  (0ms)  (pid 22563)
Compiled style.css  (0ms)  (pid 22563)
Compiled table.css  (0ms)  (pid 22563)
Compiled invalid.css  (0ms)  (pid 22563)
Compiled blue.css  (0ms)  (pid 22563)
Compiled jquery.datetimeentry.css  (0ms)  (pid 22563)
Compiled redmond/jquery-ui-1.9.2.custom.css  (0ms)  (pid 22563)
Compiled jHtmlArea.css  (0ms)  (pid 22563)
Compiled jHtmlArea.ColorPickerMenu.css  (0ms)  (pid 22563)
Compiled application.css  (105ms)  (pid 22563)
Connecting to database specified by database.yml
Compiled jquery-1.9.0.js  (2ms)  (pid 22563)
Compiled jquery_ujs.js  (0ms)  (pid 22563)
Compiled jquery-ui-1.9.2.custom.js  (57ms)  (pid 22563)
Compiled jquery.datetimeentry.js  (0ms)  (pid 22563)
Compiled simpla.jquery.configuration.js  (0ms)  (pid 22563)
Compiled facebox.js  (0ms)  (pid 22563)
Compiled jquery_nested_form.js  (0ms)  (pid 22563)
Compiled jHtmlArea-0.7.5.js  (0ms)  (pid 22563)
Compiled jHtmlArea.ColorPickerMenu-0.7.0.js  (0ms)  (pid 22563)
Compiled application.js  (109ms)  (pid 22563)
Compiled attendees.js  (0ms)  (pid 22563)
Compiled groups.js  (0ms)  (pid 22563)
Compiled highcharts.js  (2ms)  (pid 22563)
Compiled hours.js  (0ms)  (pid 22563)
Compiled jquery.wysiwyg.js  (0ms)  (pid 22563)
Compiled offerts.js  (0ms)  (pid 22563)
Compiled rooms.js  (0ms)  (pid 22563)
Compiled schedules.js  (0ms)  (pid 22563)
Compiled subgroups.js  (0ms)  (pid 22563)
Compiled workshops.js  (0ms)  (pid 22563)
Compiled reset.css  (0ms)  (pid 22563)
Compiled style.css  (0ms)  (pid 22563)
Compiled table.css  (0ms)  (pid 22563)
Compiled invalid.css  (0ms)  (pid 22563)
Compiled blue.css  (0ms)  (pid 22563)
Compiled jquery.datetimeentry.css  (0ms)  (pid 22563)
Compiled redmond/jquery-ui-1.9.2.custom.css  (0ms)  (pid 22563)
Compiled jHtmlArea.css  (0ms)  (pid 22563)
Compiled jHtmlArea.ColorPickerMenu.css  (0ms)  (pid 22563)
Compiled application.css  (105ms)  (pid 22563)
Connecting to database specified by database.yml
Compiled jquery-1.9.0.js  (2ms)  (pid 23364)
Compiled jquery_ujs.js  (0ms)  (pid 23364)
Compiled jquery-ui-1.9.2.custom.js  (57ms)  (pid 23364)
Compiled jquery.datetimeentry.js  (0ms)  (pid 23364)
Compiled simpla.jquery.configuration.js  (0ms)  (pid 23364)
Compiled facebox.js  (0ms)  (pid 23364)
Compiled jquery_nested_form.js  (0ms)  (pid 23364)
Compiled jHtmlArea-0.8.0.js  (0ms)  (pid 23364)
Compiled jHtmlArea.ColorPickerMenu-0.8.0.js  (0ms)  (pid 23364)
Compiled application.js  (204ms)  (pid 23364)
Compiled attendees.js  (0ms)  (pid 23364)
Compiled groups.js  (0ms)  (pid 23364)
Compiled highcharts.js  (2ms)  (pid 23364)
Compiled hours.js  (0ms)  (pid 23364)
Compiled jquery.wysiwyg.js  (0ms)  (pid 23364)
Compiled offerts.js  (0ms)  (pid 23364)
Compiled rooms.js  (0ms)  (pid 23364)
Compiled schedules.js  (0ms)  (pid 23364)
Compiled subgroups.js  (0ms)  (pid 23364)
Compiled workshops.js  (0ms)  (pid 23364)
Compiled reset.css  (0ms)  (pid 23364)
Compiled style.css  (0ms)  (pid 23364)
Compiled table.css  (0ms)  (pid 23364)
Compiled invalid.css  (0ms)  (pid 23364)
Compiled blue.css  (0ms)  (pid 23364)
Compiled jquery.datetimeentry.css  (0ms)  (pid 23364)
Compiled redmond/jquery-ui-1.9.2.custom.css  (0ms)  (pid 23364)
Compiled jHtmlArea.css  (0ms)  (pid 23364)
Compiled jHtmlArea.ColorPickerMenu.css  (0ms)  (pid 23364)
Compiled application.css  (147ms)  (pid 23364)
Connecting to database specified by database.yml
Compiled jquery-1.9.0.js  (2ms)  (pid 23364)
Compiled jquery_ujs.js  (0ms)  (pid 23364)
Compiled jquery-ui-1.9.2.custom.js  (6ms)  (pid 23364)
Compiled jquery.datetimeentry.js  (0ms)  (pid 23364)
Compiled simpla.jquery.configuration.js  (0ms)  (pid 23364)
Compiled facebox.js  (0ms)  (pid 23364)
Compiled jquery_nested_form.js  (0ms)  (pid 23364)
Compiled jHtmlArea-0.8.0.js  (0ms)  (pid 23364)
Compiled jHtmlArea.ColorPickerMenu-0.8.0.js  (0ms)  (pid 23364)
Compiled application.js  (230ms)  (pid 23364)
Compiled attendees.js  (0ms)  (pid 23364)
Compiled groups.js  (0ms)  (pid 23364)
Compiled highcharts.js  (2ms)  (pid 23364)
Compiled hours.js  (0ms)  (pid 23364)
Compiled jquery.wysiwyg.js  (0ms)  (pid 23364)
Compiled offerts.js  (0ms)  (pid 23364)
Compiled rooms.js  (0ms)  (pid 23364)
Compiled schedules.js  (0ms)  (pid 23364)
Compiled subgroups.js  (0ms)  (pid 23364)
Compiled workshops.js  (0ms)  (pid 23364)
Compiled reset.css  (0ms)  (pid 23364)
Compiled style.css  (0ms)  (pid 23364)
Compiled table.css  (0ms)  (pid 23364)
Compiled invalid.css  (2ms)  (pid 23364)
Compiled blue.css  (0ms)  (pid 23364)
Compiled jquery.datetimeentry.css  (0ms)  (pid 23364)
Compiled redmond/jquery-ui-1.9.2.custom.css  (0ms)  (pid 23364)
Compiled jHtmlArea.css  (0ms)  (pid 23364)
Compiled jHtmlArea.ColorPickerMenu.css  (0ms)  (pid 23364)
Compiled application.css  (905ms)  (pid 23364)
Connecting to database specified by database.yml
Connecting to database specified by database.yml
Compiled jquery-1.9.0.js  (2ms)  (pid 23651)
Compiled jquery_ujs.js  (0ms)  (pid 23651)
Compiled jquery-ui-1.9.2.custom.js  (58ms)  (pid 23651)
Compiled jquery.datetimeentry.js  (0ms)  (pid 23651)
Compiled simpla.jquery.configuration.js  (0ms)  (pid 23651)
Compiled facebox.js  (0ms)  (pid 23651)
Compiled jquery_nested_form.js  (0ms)  (pid 23651)
Compiled jHtmlArea-0.8.0.js  (0ms)  (pid 23651)
Compiled jHtmlArea.ColorPickerMenu-0.8.0.js  (0ms)  (pid 23651)
Compiled application.js  (952ms)  (pid 23651)
Compiled attendees.js  (0ms)  (pid 23651)
Compiled groups.js  (0ms)  (pid 23651)
Compiled highcharts.js  (2ms)  (pid 23651)
Compiled hours.js  (0ms)  (pid 23651)
Compiled jquery.wysiwyg.js  (0ms)  (pid 23651)
Compiled offerts.js  (0ms)  (pid 23651)
Compiled rooms.js  (0ms)  (pid 23651)
Compiled schedules.js  (0ms)  (pid 23651)
Compiled subgroups.js  (0ms)  (pid 23651)
Compiled workshops.js  (0ms)  (pid 23651)
Compiled reset.css  (0ms)  (pid 23651)
Compiled style.css  (0ms)  (pid 23651)
Compiled table.css  (0ms)  (pid 23651)
Compiled invalid.css  (0ms)  (pid 23651)
Compiled blue.css  (0ms)  (pid 23651)
Compiled jquery.datetimeentry.css  (0ms)  (pid 23651)
Compiled redmond/jquery-ui-1.9.2.custom.css  (0ms)  (pid 23651)
Compiled jHtmlArea.css  (155ms)  (pid 23651)
Compiled jHtmlArea.ColorPickerMenu.css  (4ms)  (pid 23651)
Compiled application.css  (291ms)  (pid 23651)
Connecting to database specified by database.yml
Compiled jquery-1.9.0.js  (2ms)  (pid 23651)
Compiled jquery_ujs.js  (0ms)  (pid 23651)
Compiled jquery-ui-1.9.2.custom.js  (7ms)  (pid 23651)
Compiled jquery.datetimeentry.js  (0ms)  (pid 23651)
Compiled simpla.jquery.configuration.js  (0ms)  (pid 23651)
Compiled facebox.js  (0ms)  (pid 23651)
Compiled jquery_nested_form.js  (0ms)  (pid 23651)
Compiled jHtmlArea-0.8.0.js  (0ms)  (pid 23651)
Compiled jHtmlArea.ColorPickerMenu-0.8.0.js  (0ms)  (pid 23651)
Compiled application.js  (182ms)  (pid 23651)
Compiled attendees.js  (0ms)  (pid 23651)
Compiled groups.js  (0ms)  (pid 23651)
Compiled highcharts.js  (2ms)  (pid 23651)
Compiled hours.js  (0ms)  (pid 23651)
Compiled jquery.wysiwyg.js  (0ms)  (pid 23651)
Compiled offerts.js  (0ms)  (pid 23651)
Compiled rooms.js  (0ms)  (pid 23651)
Compiled schedules.js  (0ms)  (pid 23651)
Compiled subgroups.js  (0ms)  (pid 23651)
Compiled workshops.js  (0ms)  (pid 23651)
Compiled reset.css  (0ms)  (pid 23651)
Compiled style.css  (0ms)  (pid 23651)
Compiled table.css  (0ms)  (pid 23651)
Compiled invalid.css  (0ms)  (pid 23651)
Compiled blue.css  (0ms)  (pid 23651)
Compiled jquery.datetimeentry.css  (0ms)  (pid 23651)
Compiled redmond/jquery-ui-1.9.2.custom.css  (0ms)  (pid 23651)
Compiled jHtmlArea.css  (127ms)  (pid 23651)
Compiled jHtmlArea.ColorPickerMenu.css  (9ms)  (pid 23651)
Compiled application.css  (178ms)  (pid 23651)
Connecting to database specified by database.yml
Compiled jquery-1.9.0.js  (2ms)  (pid 24259)
Compiled jquery_ujs.js  (0ms)  (pid 24259)
Compiled jquery-ui-1.9.2.custom.js  (66ms)  (pid 24259)
Compiled jquery.datetimeentry.js  (0ms)  (pid 24259)
Compiled simpla.jquery.configuration.js  (0ms)  (pid 24259)
Compiled facebox.js  (0ms)  (pid 24259)
Compiled jquery_nested_form.js  (0ms)  (pid 24259)
Compiled jHtmlArea-0.8.0.js  (0ms)  (pid 24259)
Compiled jHtmlArea.ColorPickerMenu-0.8.0.js  (0ms)  (pid 24259)
Compiled application.js  (119ms)  (pid 24259)
Compiled attendees.js  (0ms)  (pid 24259)
Compiled groups.js  (0ms)  (pid 24259)
Compiled highcharts.js  (2ms)  (pid 24259)
Compiled hours.js  (0ms)  (pid 24259)
Compiled jquery.wysiwyg.js  (0ms)  (pid 24259)
Compiled offerts.js  (0ms)  (pid 24259)
Compiled rooms.js  (0ms)  (pid 24259)
Compiled schedules.js  (0ms)  (pid 24259)
Compiled subgroups.js  (0ms)  (pid 24259)
Compiled workshops.js  (0ms)  (pid 24259)
Compiled reset.css  (0ms)  (pid 24259)
Compiled style.css  (0ms)  (pid 24259)
Compiled table.css  (0ms)  (pid 24259)
Compiled invalid.css  (0ms)  (pid 24259)
Compiled blue.css  (0ms)  (pid 24259)
Compiled jquery.datetimeentry.css  (0ms)  (pid 24259)
Compiled redmond/jquery-ui-1.9.2.custom.css  (0ms)  (pid 24259)
Compiled jHtmlArea.css  (0ms)  (pid 24259)
Compiled jHtmlArea.ColorPickerMenu.css  (58ms)  (pid 24259)
Compiled application.css  (243ms)  (pid 24259)
Connecting to database specified by database.yml
Compiled jquery-1.9.0.js  (2ms)  (pid 24259)
Compiled jquery_ujs.js  (0ms)  (pid 24259)
Compiled jquery-ui-1.9.2.custom.js  (8ms)  (pid 24259)
Compiled jquery.datetimeentry.js  (0ms)  (pid 24259)
Compiled simpla.jquery.configuration.js  (83ms)  (pid 24259)
Compiled facebox.js  (0ms)  (pid 24259)
Compiled jquery_nested_form.js  (0ms)  (pid 24259)
Compiled jHtmlArea-0.8.0.js  (0ms)  (pid 24259)
Compiled jHtmlArea.ColorPickerMenu-0.8.0.js  (0ms)  (pid 24259)
Compiled application.js  (258ms)  (pid 24259)
Compiled attendees.js  (0ms)  (pid 24259)
Compiled groups.js  (79ms)  (pid 24259)
Compiled highcharts.js  (2ms)  (pid 24259)
Compiled hours.js  (1ms)  (pid 24259)
Compiled jquery.wysiwyg.js  (0ms)  (pid 24259)
Compiled offerts.js  (0ms)  (pid 24259)
Compiled rooms.js  (0ms)  (pid 24259)
Compiled schedules.js  (0ms)  (pid 24259)
Compiled subgroups.js  (0ms)  (pid 24259)
Compiled workshops.js  (0ms)  (pid 24259)
Compiled reset.css  (0ms)  (pid 24259)
Compiled style.css  (0ms)  (pid 24259)
Compiled table.css  (0ms)  (pid 24259)
Compiled invalid.css  (0ms)  (pid 24259)
Compiled blue.css  (0ms)  (pid 24259)
Compiled jquery.datetimeentry.css  (0ms)  (pid 24259)
Compiled redmond/jquery-ui-1.9.2.custom.css  (0ms)  (pid 24259)
Compiled jHtmlArea.css  (0ms)  (pid 24259)
Compiled jHtmlArea.ColorPickerMenu.css  (12ms)  (pid 24259)
Compiled application.css  (116ms)  (pid 24259)
Connecting to database specified by database.yml
Compiled jquery-1.9.0.js  (3ms)  (pid 24445)
Compiled jquery_ujs.js  (0ms)  (pid 24445)
Compiled jquery-ui-1.9.2.custom.js  (61ms)  (pid 24445)
Compiled jquery.datetimeentry.js  (0ms)  (pid 24445)
Compiled simpla.jquery.configuration.js  (0ms)  (pid 24445)
Compiled facebox.js  (0ms)  (pid 24445)
Compiled jquery_nested_form.js  (0ms)  (pid 24445)
Compiled jHtmlArea-0.8.0.js  (0ms)  (pid 24445)
Compiled jHtmlArea.ColorPickerMenu-0.8.0.js  (0ms)  (pid 24445)
Compiled application.js  (120ms)  (pid 24445)
Compiled attendees.js  (0ms)  (pid 24445)
Compiled groups.js  (0ms)  (pid 24445)
Compiled highcharts.js  (2ms)  (pid 24445)
Compiled hours.js  (0ms)  (pid 24445)
Compiled jquery.wysiwyg.js  (0ms)  (pid 24445)
Compiled offerts.js  (0ms)  (pid 24445)
Compiled rooms.js  (0ms)  (pid 24445)
Compiled schedules.js  (0ms)  (pid 24445)
Compiled subgroups.js  (0ms)  (pid 24445)
Compiled workshops.js  (0ms)  (pid 24445)
Compiled reset.css  (0ms)  (pid 24445)
Compiled style.css  (0ms)  (pid 24445)
Compiled table.css  (0ms)  (pid 24445)
Compiled invalid.css  (0ms)  (pid 24445)
Compiled blue.css  (0ms)  (pid 24445)
Compiled jquery.datetimeentry.css  (0ms)  (pid 24445)
Compiled redmond/jquery-ui-1.9.2.custom.css  (0ms)  (pid 24445)
Compiled jHtmlArea.css  (0ms)  (pid 24445)
Compiled jHtmlArea.ColorPickerMenu.css  (14ms)  (pid 24445)
Compiled application.css  (118ms)  (pid 24445)
Connecting to database specified by database.yml
Compiled jquery-1.9.0.js  (2ms)  (pid 24445)
Compiled jquery_ujs.js  (0ms)  (pid 24445)
Compiled jquery-ui-1.9.2.custom.js  (11ms)  (pid 24445)
Compiled jquery.datetimeentry.js  (1ms)  (pid 24445)
Compiled simpla.jquery.configuration.js  (77ms)  (pid 24445)
Compiled facebox.js  (0ms)  (pid 24445)
Compiled jquery_nested_form.js  (0ms)  (pid 24445)
Compiled jHtmlArea-0.8.0.js  (0ms)  (pid 24445)
Compiled jHtmlArea.ColorPickerMenu-0.8.0.js  (0ms)  (pid 24445)
Compiled application.js  (234ms)  (pid 24445)
Compiled attendees.js  (0ms)  (pid 24445)
Compiled groups.js  (49ms)  (pid 24445)
Compiled highcharts.js  (2ms)  (pid 24445)
Compiled hours.js  (0ms)  (pid 24445)
Compiled jquery.wysiwyg.js  (0ms)  (pid 24445)
Compiled offerts.js  (0ms)  (pid 24445)
Compiled rooms.js  (0ms)  (pid 24445)
Compiled schedules.js  (0ms)  (pid 24445)
Compiled subgroups.js  (0ms)  (pid 24445)
Compiled workshops.js  (0ms)  (pid 24445)
Compiled reset.css  (0ms)  (pid 24445)
Compiled style.css  (0ms)  (pid 24445)
Compiled table.css  (0ms)  (pid 24445)
Compiled invalid.css  (0ms)  (pid 24445)
Compiled blue.css  (0ms)  (pid 24445)
Compiled jquery.datetimeentry.css  (0ms)  (pid 24445)
Compiled redmond/jquery-ui-1.9.2.custom.css  (0ms)  (pid 24445)
Compiled jHtmlArea.css  (0ms)  (pid 24445)
Compiled jHtmlArea.ColorPickerMenu.css  (67ms)  (pid 24445)
Compiled application.css  (203ms)  (pid 24445)
Connecting to database specified by database.yml
Compiled jquery-1.9.0.js  (2ms)  (pid 4014)
Compiled jquery_ujs.js  (0ms)  (pid 4014)
Compiled jquery-ui-1.9.2.custom.js  (57ms)  (pid 4014)
Compiled jquery.datetimeentry.js  (0ms)  (pid 4014)
Compiled simpla.jquery.configuration.js  (0ms)  (pid 4014)
Compiled facebox.js  (0ms)  (pid 4014)
Compiled jquery_nested_form.js  (0ms)  (pid 4014)
Compiled jHtmlArea-0.8.0.js  (0ms)  (pid 4014)
Compiled jHtmlArea.ColorPickerMenu-0.8.0.js  (0ms)  (pid 4014)
Compiled application.js  (200ms)  (pid 4014)
Compiled attendees.js  (0ms)  (pid 4014)
Compiled groups.js  (0ms)  (pid 4014)
Compiled highcharts.js  (2ms)  (pid 4014)
Compiled hours.js  (0ms)  (pid 4014)
Compiled jquery.wysiwyg.js  (0ms)  (pid 4014)
Compiled offerts.js  (0ms)  (pid 4014)
Compiled rooms.js  (0ms)  (pid 4014)
Compiled schedules.js  (0ms)  (pid 4014)
Compiled subgroups.js  (0ms)  (pid 4014)
Compiled workshops.js  (0ms)  (pid 4014)
Compiled reset.css  (0ms)  (pid 4014)
Compiled style.css  (0ms)  (pid 4014)
Compiled table.css  (73ms)  (pid 4014)
Compiled invalid.css  (0ms)  (pid 4014)
Compiled blue.css  (0ms)  (pid 4014)
Compiled jquery.datetimeentry.css  (0ms)  (pid 4014)
Compiled redmond/jquery-ui-1.9.2.custom.css  (0ms)  (pid 4014)
Compiled jHtmlArea.css  (0ms)  (pid 4014)
Compiled jHtmlArea.ColorPickerMenu.css  (34ms)  (pid 4014)
Compiled application.css  (222ms)  (pid 4014)
Connecting to database specified by database.yml
Compiled jquery-1.9.0.js  (2ms)  (pid 4014)
Compiled jquery_ujs.js  (0ms)  (pid 4014)
Compiled jquery-ui-1.9.2.custom.js  (6ms)  (pid 4014)
Compiled jquery.datetimeentry.js  (0ms)  (pid 4014)
Compiled simpla.jquery.configuration.js  (55ms)  (pid 4014)
Compiled facebox.js  (0ms)  (pid 4014)
Compiled jquery_nested_form.js  (0ms)  (pid 4014)
Compiled jHtmlArea-0.8.0.js  (0ms)  (pid 4014)
Compiled jHtmlArea.ColorPickerMenu-0.8.0.js  (0ms)  (pid 4014)
Compiled application.js  (184ms)  (pid 4014)
Compiled attendees.js  (0ms)  (pid 4014)
Compiled groups.js  (0ms)  (pid 4014)
Compiled highcharts.js  (2ms)  (pid 4014)
Compiled hours.js  (0ms)  (pid 4014)
Compiled jquery.wysiwyg.js  (0ms)  (pid 4014)
Compiled offerts.js  (0ms)  (pid 4014)
Compiled rooms.js  (0ms)  (pid 4014)
Compiled schedules.js  (0ms)  (pid 4014)
Compiled subgroups.js  (0ms)  (pid 4014)
Compiled workshops.js  (0ms)  (pid 4014)
Compiled reset.css  (0ms)  (pid 4014)
Compiled style.css  (0ms)  (pid 4014)
Compiled table.css  (0ms)  (pid 4014)
Compiled invalid.css  (0ms)  (pid 4014)
Compiled blue.css  (0ms)  (pid 4014)
Compiled jquery.datetimeentry.css  (0ms)  (pid 4014)
Compiled redmond/jquery-ui-1.9.2.custom.css  (57ms)  (pid 4014)
Compiled jHtmlArea.css  (0ms)  (pid 4014)
Compiled jHtmlArea.ColorPickerMenu.css  (36ms)  (pid 4014)
Compiled application.css  (133ms)  (pid 4014)
Connecting to database specified by database.yml
Compiled jquery-1.9.0.js  (2ms)  (pid 4157)
Compiled jquery_ujs.js  (0ms)  (pid 4157)
Compiled jquery-ui-1.9.2.custom.js  (68ms)  (pid 4157)
Compiled jquery.datetimeentry.js  (0ms)  (pid 4157)
Compiled simpla.jquery.configuration.js  (0ms)  (pid 4157)
Compiled facebox.js  (0ms)  (pid 4157)
Compiled jquery_nested_form.js  (0ms)  (pid 4157)
Compiled jHtmlArea-0.8.0.js  (0ms)  (pid 4157)
Compiled jHtmlArea.ColorPickerMenu-0.8.0.js  (0ms)  (pid 4157)
Compiled application.js  (132ms)  (pid 4157)
Compiled attendees.js  (0ms)  (pid 4157)
Compiled groups.js  (0ms)  (pid 4157)
Compiled highcharts.js  (2ms)  (pid 4157)
Compiled hours.js  (0ms)  (pid 4157)
Compiled jquery.wysiwyg.js  (0ms)  (pid 4157)
Compiled offerts.js  (0ms)  (pid 4157)
Compiled rooms.js  (0ms)  (pid 4157)
Compiled schedules.js  (0ms)  (pid 4157)
Compiled subgroups.js  (0ms)  (pid 4157)
Compiled workshops.js  (0ms)  (pid 4157)
Compiled reset.css  (0ms)  (pid 4157)
Compiled style.css  (0ms)  (pid 4157)
Compiled table.css  (1ms)  (pid 4157)
Compiled invalid.css  (0ms)  (pid 4157)
Compiled blue.css  (0ms)  (pid 4157)
Compiled jquery.datetimeentry.css  (0ms)  (pid 4157)
Compiled redmond/jquery-ui-1.9.2.custom.css  (0ms)  (pid 4157)
Compiled jHtmlArea.css  (0ms)  (pid 4157)
Compiled jHtmlArea.ColorPickerMenu.css  (20ms)  (pid 4157)
Compiled application.css  (134ms)  (pid 4157)
Connecting to database specified by database.yml
Compiled jquery-1.9.0.js  (2ms)  (pid 4157)
Compiled jquery_ujs.js  (0ms)  (pid 4157)
Compiled jquery-ui-1.9.2.custom.js  (7ms)  (pid 4157)
Compiled jquery.datetimeentry.js  (0ms)  (pid 4157)
Compiled simpla.jquery.configuration.js  (48ms)  (pid 4157)
Compiled facebox.js  (0ms)  (pid 4157)
Compiled jquery_nested_form.js  (0ms)  (pid 4157)
Compiled jHtmlArea-0.8.0.js  (0ms)  (pid 4157)
Compiled jHtmlArea.ColorPickerMenu-0.8.0.js  (0ms)  (pid 4157)
Compiled application.js  (207ms)  (pid 4157)
Compiled attendees.js  (0ms)  (pid 4157)
Compiled groups.js  (0ms)  (pid 4157)
Compiled highcharts.js  (2ms)  (pid 4157)
Compiled hours.js  (0ms)  (pid 4157)
Compiled jquery.wysiwyg.js  (0ms)  (pid 4157)
Compiled offerts.js  (0ms)  (pid 4157)
Compiled rooms.js  (0ms)  (pid 4157)
Compiled schedules.js  (0ms)  (pid 4157)
Compiled subgroups.js  (0ms)  (pid 4157)
Compiled workshops.js  (0ms)  (pid 4157)
Compiled reset.css  (0ms)  (pid 4157)
Compiled style.css  (0ms)  (pid 4157)
Compiled table.css  (0ms)  (pid 4157)
Compiled invalid.css  (0ms)  (pid 4157)
Compiled blue.css  (0ms)  (pid 4157)
Compiled jquery.datetimeentry.css  (0ms)  (pid 4157)
Compiled redmond/jquery-ui-1.9.2.custom.css  (69ms)  (pid 4157)
Compiled jHtmlArea.css  (0ms)  (pid 4157)
Compiled jHtmlArea.ColorPickerMenu.css  (16ms)  (pid 4157)
Compiled application.css  (134ms)  (pid 4157)
Connecting to database specified by database.yml
Compiled jquery-1.9.0.js  (2ms)  (pid 5781)
Compiled jquery_ujs.js  (0ms)  (pid 5781)
Compiled jquery-ui-1.9.2.custom.js  (55ms)  (pid 5781)
Compiled jquery.datetimeentry.js  (0ms)  (pid 5781)
Compiled simpla.jquery.configuration.js  (0ms)  (pid 5781)
Compiled facebox.js  (0ms)  (pid 5781)
Compiled jquery_nested_form.js  (0ms)  (pid 5781)
Compiled jHtmlArea-0.8.0.js  (0ms)  (pid 5781)
Compiled jHtmlArea.ColorPickerMenu-0.8.0.js  (0ms)  (pid 5781)
Compiled application.js  (181ms)  (pid 5781)
Compiled attendees.js  (0ms)  (pid 5781)
Compiled groups.js  (0ms)  (pid 5781)
Compiled highcharts.js  (2ms)  (pid 5781)
Compiled hours.js  (0ms)  (pid 5781)
Compiled jquery.wysiwyg.js  (0ms)  (pid 5781)
Compiled offerts.js  (0ms)  (pid 5781)
Compiled rooms.js  (0ms)  (pid 5781)
Compiled schedules.js  (0ms)  (pid 5781)
Compiled subgroups.js  (0ms)  (pid 5781)
Compiled workshops.js  (0ms)  (pid 5781)
Compiled reset.css  (0ms)  (pid 5781)
Compiled style.css  (0ms)  (pid 5781)
Compiled table.css  (88ms)  (pid 5781)
Compiled invalid.css  (0ms)  (pid 5781)
Compiled blue.css  (0ms)  (pid 5781)
Compiled jquery.datetimeentry.css  (0ms)  (pid 5781)
Compiled redmond/jquery-ui-1.9.2.custom.css  (0ms)  (pid 5781)
Compiled jHtmlArea.css  (0ms)  (pid 5781)
Compiled jHtmlArea.ColorPickerMenu.css  (45ms)  (pid 5781)
Compiled application.css  (202ms)  (pid 5781)
Connecting to database specified by database.yml
Compiled jquery-1.9.0.js  (3ms)  (pid 5781)
Compiled jquery_ujs.js  (0ms)  (pid 5781)
Compiled jquery-ui-1.9.2.custom.js  (7ms)  (pid 5781)
Compiled jquery.datetimeentry.js  (0ms)  (pid 5781)
Compiled simpla.jquery.configuration.js  (47ms)  (pid 5781)
Compiled facebox.js  (0ms)  (pid 5781)
Compiled jquery_nested_form.js  (0ms)  (pid 5781)
Compiled jHtmlArea-0.8.0.js  (0ms)  (pid 5781)
Compiled jHtmlArea.ColorPickerMenu-0.8.0.js  (0ms)  (pid 5781)
Compiled application.js  (212ms)  (pid 5781)
Compiled attendees.js  (0ms)  (pid 5781)
Compiled groups.js  (0ms)  (pid 5781)
Compiled highcharts.js  (2ms)  (pid 5781)
Compiled hours.js  (0ms)  (pid 5781)
Compiled jquery.wysiwyg.js  (0ms)  (pid 5781)
Compiled offerts.js  (0ms)  (pid 5781)
Compiled rooms.js  (0ms)  (pid 5781)
Compiled schedules.js  (0ms)  (pid 5781)
Compiled subgroups.js  (0ms)  (pid 5781)
Compiled workshops.js  (0ms)  (pid 5781)
Compiled reset.css  (0ms)  (pid 5781)
Compiled style.css  (0ms)  (pid 5781)
Compiled table.css  (0ms)  (pid 5781)
Compiled invalid.css  (0ms)  (pid 5781)
Compiled blue.css  (0ms)  (pid 5781)
Compiled jquery.datetimeentry.css  (0ms)  (pid 5781)
Compiled redmond/jquery-ui-1.9.2.custom.css  (54ms)  (pid 5781)
Compiled jHtmlArea.css  (0ms)  (pid 5781)
Compiled jHtmlArea.ColorPickerMenu.css  (105ms)  (pid 5781)
Compiled application.css  (197ms)  (pid 5781)
Connecting to database specified by database.yml
Connecting to database specified by database.yml
Compiled jquery-1.9.0.js  (2ms)  (pid 6037)
Compiled jquery_ujs.js  (0ms)  (pid 6037)
Compiled jquery-ui-1.9.2.custom.js  (58ms)  (pid 6037)
Compiled jquery.datetimeentry.js  (0ms)  (pid 6037)
Compiled simpla.jquery.configuration.js  (0ms)  (pid 6037)
Compiled facebox.js  (0ms)  (pid 6037)
Compiled jquery_nested_form.js  (0ms)  (pid 6037)
Compiled jHtmlArea-0.8.0.js  (0ms)  (pid 6037)
Compiled jHtmlArea.ColorPickerMenu-0.8.0.js  (0ms)  (pid 6037)
Compiled application.js  (112ms)  (pid 6037)
Compiled attendees.js  (0ms)  (pid 6037)
Compiled groups.js  (0ms)  (pid 6037)
Compiled highcharts.js  (2ms)  (pid 6037)
Compiled hours.js  (0ms)  (pid 6037)
Compiled jquery.wysiwyg.js  (0ms)  (pid 6037)
Compiled offerts.js  (0ms)  (pid 6037)
Compiled rooms.js  (0ms)  (pid 6037)
Compiled schedules.js  (0ms)  (pid 6037)
Compiled subgroups.js  (0ms)  (pid 6037)
Compiled workshops.js  (0ms)  (pid 6037)
Compiled reset.css  (0ms)  (pid 6037)
Compiled style.css  (0ms)  (pid 6037)
Compiled table.css  (0ms)  (pid 6037)
Compiled invalid.css  (0ms)  (pid 6037)
Compiled blue.css  (0ms)  (pid 6037)
Compiled jquery.datetimeentry.css  (0ms)  (pid 6037)
Compiled redmond/jquery-ui-1.9.2.custom.css  (0ms)  (pid 6037)
Compiled jHtmlArea.css  (0ms)  (pid 6037)
Compiled jHtmlArea.ColorPickerMenu.css  (77ms)  (pid 6037)
Compiled application.css  (200ms)  (pid 6037)
Connecting to database specified by database.yml
Compiled jquery-1.9.0.js  (2ms)  (pid 6037)
Compiled jquery_ujs.js  (0ms)  (pid 6037)
Compiled jquery-ui-1.9.2.custom.js  (7ms)  (pid 6037)
Compiled jquery.datetimeentry.js  (0ms)  (pid 6037)
Compiled simpla.jquery.configuration.js  (0ms)  (pid 6037)
Compiled facebox.js  (0ms)  (pid 6037)
Compiled jquery_nested_form.js  (0ms)  (pid 6037)
Compiled jHtmlArea-0.8.0.js  (0ms)  (pid 6037)
Compiled jHtmlArea.ColorPickerMenu-0.8.0.js  (0ms)  (pid 6037)
Compiled application.js  (188ms)  (pid 6037)
Compiled attendees.js  (0ms)  (pid 6037)
Compiled groups.js  (0ms)  (pid 6037)
Compiled highcharts.js  (2ms)  (pid 6037)
Compiled hours.js  (0ms)  (pid 6037)
Compiled jquery.wysiwyg.js  (0ms)  (pid 6037)
Compiled offerts.js  (0ms)  (pid 6037)
Compiled rooms.js  (0ms)  (pid 6037)
Compiled schedules.js  (0ms)  (pid 6037)
Compiled subgroups.js  (0ms)  (pid 6037)
Compiled workshops.js  (0ms)  (pid 6037)
Compiled reset.css  (0ms)  (pid 6037)
Compiled style.css  (0ms)  (pid 6037)
Compiled table.css  (0ms)  (pid 6037)
Compiled invalid.css  (0ms)  (pid 6037)
Compiled blue.css  (0ms)  (pid 6037)
Compiled jquery.datetimeentry.css  (0ms)  (pid 6037)
Compiled redmond/jquery-ui-1.9.2.custom.css  (0ms)  (pid 6037)
Compiled jHtmlArea.css  (0ms)  (pid 6037)
Compiled jHtmlArea.ColorPickerMenu.css  (86ms)  (pid 6037)
Compiled application.css  (124ms)  (pid 6037)
Connecting to database specified by database.yml
Compiled jquery-1.9.0.js  (4ms)  (pid 9711)
Compiled jquery_ujs.js  (0ms)  (pid 9711)
Compiled jquery-ui-1.9.2.custom.js  (9ms)  (pid 9711)
Compiled jquery.datetimeentry.js  (1ms)  (pid 9711)
Compiled simpla.jquery.configuration.js  (38ms)  (pid 9711)
Compiled facebox.js  (0ms)  (pid 9711)
Compiled jquery_nested_form.js  (0ms)  (pid 9711)
Compiled jHtmlArea-0.8.0.js  (0ms)  (pid 9711)
Compiled jHtmlArea.ColorPickerMenu-0.8.0.js  (0ms)  (pid 9711)
Compiled application.js  (209ms)  (pid 9711)
Compiled attendees.js  (0ms)  (pid 9711)
Compiled groups.js  (0ms)  (pid 9711)
Compiled highcharts.js  (2ms)  (pid 9711)
Compiled hours.js  (0ms)  (pid 9711)
Compiled jquery.wysiwyg.js  (2ms)  (pid 9711)
Compiled offerts.js  (0ms)  (pid 9711)
Compiled rooms.js  (0ms)  (pid 9711)
Compiled schedules.js  (0ms)  (pid 9711)
Compiled subgroups.js  (0ms)  (pid 9711)
Compiled workshops.js  (0ms)  (pid 9711)
Compiled reset.css  (0ms)  (pid 9711)
Compiled style.css  (0ms)  (pid 9711)
Compiled table.css  (0ms)  (pid 9711)
Compiled invalid.css  (0ms)  (pid 9711)
Compiled blue.css  (0ms)  (pid 9711)
Compiled jquery.datetimeentry.css  (0ms)  (pid 9711)
Compiled redmond/jquery-ui-1.9.2.custom.css  (0ms)  (pid 9711)
Compiled jHtmlArea.css  (0ms)  (pid 9711)
Compiled jHtmlArea.ColorPickerMenu.css  (33ms)  (pid 9711)
Compiled application.css  (87ms)  (pid 9711)
Connecting to database specified by database.yml
Compiled jquery-1.9.0.js  (50ms)  (pid 9711)
Compiled jquery_ujs.js  (0ms)  (pid 9711)
Compiled jquery-ui-1.9.2.custom.js  (9ms)  (pid 9711)
Compiled jquery.datetimeentry.js  (1ms)  (pid 9711)
Compiled simpla.jquery.configuration.js  (0ms)  (pid 9711)
Compiled facebox.js  (0ms)  (pid 9711)
Compiled jquery_nested_form.js  (0ms)  (pid 9711)
Compiled jHtmlArea-0.8.0.js  (0ms)  (pid 9711)
Compiled jHtmlArea.ColorPickerMenu-0.8.0.js  (0ms)  (pid 9711)
Compiled application.js  (145ms)  (pid 9711)
Compiled attendees.js  (0ms)  (pid 9711)
Compiled groups.js  (0ms)  (pid 9711)
Compiled highcharts.js  (2ms)  (pid 9711)
Compiled hours.js  (0ms)  (pid 9711)
Compiled jquery.wysiwyg.js  (0ms)  (pid 9711)
Compiled offerts.js  (0ms)  (pid 9711)
Compiled rooms.js  (0ms)  (pid 9711)
Compiled schedules.js  (0ms)  (pid 9711)
Compiled subgroups.js  (0ms)  (pid 9711)
Compiled workshops.js  (0ms)  (pid 9711)
Compiled reset.css  (0ms)  (pid 9711)
Compiled style.css  (0ms)  (pid 9711)
Compiled table.css  (0ms)  (pid 9711)
Compiled invalid.css  (0ms)  (pid 9711)
Compiled blue.css  (0ms)  (pid 9711)
Compiled jquery.datetimeentry.css  (0ms)  (pid 9711)
Compiled redmond/jquery-ui-1.9.2.custom.css  (0ms)  (pid 9711)
Compiled jHtmlArea.css  (0ms)  (pid 9711)
Compiled jHtmlArea.ColorPickerMenu.css  (10ms)  (pid 9711)
Compiled application.css  (43ms)  (pid 9711)
Connecting to database specified by database.yml
[paperclip] Duplicate URL for logo with /system/:attachment/:id/:style/:filename. This will clash with attachment defined in Event class
[paperclip] Duplicate URL for logo with /system/:attachment/:id/:style/:filename. This will clash with attachment defined in Exhibitor class
Started GET "/" for 189.155.200.177 at 2014-01-15 02:35:19 -0700
Processing by WelcomeController#index as HTML
Completed 401 Unauthorized in 31ms
Started GET "/users/sign_in" for 189.155.200.177 at 2014-01-15 02:35:19 -0700
Processing by Devise::SessionsController#new as HTML
  Rendered devise/sessions/new.html.erb within layouts/devise (8.1ms)
  Rendered devise/shared/_links.erb (3.0ms)
Completed 200 OK in 80ms (Views: 29.3ms | ActiveRecord: 2.7ms)
Started GET "/users/resources/images/closelabel.gif" for 189.155.200.177 at 2014-01-15 02:35:22 -0700

ActionController::RoutingError (No route matches [GET] "/users/resources/images/closelabel.gif"):
  actionpack (3.2.13) lib/action_dispatch/middleware/debug_exceptions.rb:21:in `call'
  actionpack (3.2.13) lib/action_dispatch/middleware/show_exceptions.rb:56:in `call'
  railties (3.2.13) lib/rails/rack/logger.rb:32:in `call_app'
  railties (3.2.13) lib/rails/rack/logger.rb:16:in `block in call'
  activesupport (3.2.13) lib/active_support/tagged_logging.rb:22:in `tagged'
  railties (3.2.13) lib/rails/rack/logger.rb:16:in `call'
  actionpack (3.2.13) lib/action_dispatch/middleware/request_id.rb:22:in `call'
  rack (1.4.5) lib/rack/methodoverride.rb:21:in `call'
  rack (1.4.5) lib/rack/runtime.rb:17:in `call'
  activesupport (3.2.13) lib/active_support/cache/strategy/local_cache.rb:72:in `call'
  rack (1.4.5) lib/rack/lock.rb:15:in `call'
  rack-cache (1.2) lib/rack/cache/context.rb:136:in `forward'
  rack-cache (1.2) lib/rack/cache/context.rb:245:in `fetch'
  rack-cache (1.2) lib/rack/cache/context.rb:185:in `lookup'
  rack-cache (1.2) lib/rack/cache/context.rb:66:in `call!'
  rack-cache (1.2) lib/rack/cache/context.rb:51:in `call'
  railties (3.2.13) lib/rails/engine.rb:479:in `call'
  railties (3.2.13) lib/rails/application.rb:223:in `call'
  railties (3.2.13) lib/rails/railtie/configurable.rb:30:in `method_missing'
  passenger (4.0.14) lib/phusion_passenger/rack/thread_handler_extension.rb:77:in `process_request'
  passenger (4.0.14) lib/phusion_passenger/request_handler/thread_handler.rb:140:in `accept_and_process_next_request'
  passenger (4.0.14) lib/phusion_passenger/request_handler/thread_handler.rb:108:in `main_loop'
  passenger (4.0.14) lib/phusion_passenger/request_handler.rb:441:in `block (3 levels) in start_threads'


Started GET "/users/resources/images/loading.gif" for 189.155.200.177 at 2014-01-15 02:35:22 -0700

ActionController::RoutingError (No route matches [GET] "/users/resources/images/loading.gif"):
  actionpack (3.2.13) lib/action_dispatch/middleware/debug_exceptions.rb:21:in `call'
  actionpack (3.2.13) lib/action_dispatch/middleware/show_exceptions.rb:56:in `call'
  railties (3.2.13) lib/rails/rack/logger.rb:32:in `call_app'
  railties (3.2.13) lib/rails/rack/logger.rb:16:in `block in call'
  activesupport (3.2.13) lib/active_support/tagged_logging.rb:22:in `tagged'
  railties (3.2.13) lib/rails/rack/logger.rb:16:in `call'
  actionpack (3.2.13) lib/action_dispatch/middleware/request_id.rb:22:in `call'
  rack (1.4.5) lib/rack/methodoverride.rb:21:in `call'
  rack (1.4.5) lib/rack/runtime.rb:17:in `call'
  activesupport (3.2.13) lib/active_support/cache/strategy/local_cache.rb:72:in `call'
  rack (1.4.5) lib/rack/lock.rb:15:in `call'
  rack-cache (1.2) lib/rack/cache/context.rb:136:in `forward'
  rack-cache (1.2) lib/rack/cache/context.rb:245:in `fetch'
  rack-cache (1.2) lib/rack/cache/context.rb:185:in `lookup'
  rack-cache (1.2) lib/rack/cache/context.rb:66:in `call!'
  rack-cache (1.2) lib/rack/cache/context.rb:51:in `call'
  railties (3.2.13) lib/rails/engine.rb:479:in `call'
  railties (3.2.13) lib/rails/application.rb:223:in `call'
  railties (3.2.13) lib/rails/railtie/configurable.rb:30:in `method_missing'
  passenger (4.0.14) lib/phusion_passenger/rack/thread_handler_extension.rb:77:in `process_request'
  passenger (4.0.14) lib/phusion_passenger/request_handler/thread_handler.rb:140:in `accept_and_process_next_request'
  passenger (4.0.14) lib/phusion_passenger/request_handler/thread_handler.rb:108:in `main_loop'
  passenger (4.0.14) lib/phusion_passenger/request_handler.rb:441:in `block (3 levels) in start_threads'


Started GET "/users/sign_in" for 69.171.234.115 at 2014-01-15 02:36:10 -0700
Processing by Devise::SessionsController#new as */*
  Rendered devise/sessions/new.html.erb within layouts/devise (2.9ms)
  Rendered devise/shared/_links.erb (0.8ms)
Completed 200 OK in 9ms (Views: 6.8ms | ActiveRecord: 0.3ms)
Started POST "/users/sign_in" for 189.155.200.177 at 2014-01-15 02:36:25 -0700
Processing by Devise::SessionsController#create as HTML
  Parameters: {"utf8"=>"", "authenticity_token"=>"YJN0SxYnmhfLLwdL4yY3v/J0uM+Se+yzDnNLMT3/GVg=", "user"=>{"login"=>"administrator", "password"=>"[FILTERED]"}, "commit"=>"Iniciar sesin"}
Completed 401 Unauthorized in 169ms
Processing by Devise::SessionsController#new as HTML
  Parameters: {"utf8"=>"", "authenticity_token"=>"YJN0SxYnmhfLLwdL4yY3v/J0uM+Se+yzDnNLMT3/GVg=", "user"=>{"login"=>"administrator", "password"=>"[FILTERED]"}, "commit"=>"Iniciar sesin"}
  Rendered devise/sessions/new.html.erb within layouts/devise (3.2ms)
  Rendered devise/shared/_links.erb (0.9ms)
Completed 200 OK in 143ms (Views: 7.7ms | ActiveRecord: 0.2ms)
Started GET "/users/resources/images/closelabel.gif" for 189.155.200.177 at 2014-01-15 02:36:26 -0700

ActionController::RoutingError (No route matches [GET] "/users/resources/images/closelabel.gif"):
  actionpack (3.2.13) lib/action_dispatch/middleware/debug_exceptions.rb:21:in `call'
  actionpack (3.2.13) lib/action_dispatch/middleware/show_exceptions.rb:56:in `call'
  railties (3.2.13) lib/rails/rack/logger.rb:32:in `call_app'
  railties (3.2.13) lib/rails/rack/logger.rb:16:in `block in call'
  activesupport (3.2.13) lib/active_support/tagged_logging.rb:22:in `tagged'
  railties (3.2.13) lib/rails/rack/logger.rb:16:in `call'
  actionpack (3.2.13) lib/action_dispatch/middleware/request_id.rb:22:in `call'
  rack (1.4.5) lib/rack/methodoverride.rb:21:in `call'
  rack (1.4.5) lib/rack/runtime.rb:17:in `call'
  activesupport (3.2.13) lib/active_support/cache/strategy/local_cache.rb:72:in `call'
  rack (1.4.5) lib/rack/lock.rb:15:in `call'
  rack-cache (1.2) lib/rack/cache/context.rb:136:in `forward'
  rack-cache (1.2) lib/rack/cache/context.rb:245:in `fetch'
  rack-cache (1.2) lib/rack/cache/context.rb:185:in `lookup'
  rack-cache (1.2) lib/rack/cache/context.rb:66:in `call!'
  rack-cache (1.2) lib/rack/cache/context.rb:51:in `call'
  railties (3.2.13) lib/rails/engine.rb:479:in `call'
  railties (3.2.13) lib/rails/application.rb:223:in `call'
  railties (3.2.13) lib/rails/railtie/configurable.rb:30:in `method_missing'
  passenger (4.0.14) lib/phusion_passenger/rack/thread_handler_extension.rb:77:in `process_request'
  passenger (4.0.14) lib/phusion_passenger/request_handler/thread_handler.rb:140:in `accept_and_process_next_request'
  passenger (4.0.14) lib/phusion_passenger/request_handler/thread_handler.rb:108:in `main_loop'
  passenger (4.0.14) lib/phusion_passenger/request_handler.rb:441:in `block (3 levels) in start_threads'


Started GET "/users/resources/images/loading.gif" for 189.155.200.177 at 2014-01-15 02:36:26 -0700

ActionController::RoutingError (No route matches [GET] "/users/resources/images/loading.gif"):
  actionpack (3.2.13) lib/action_dispatch/middleware/debug_exceptions.rb:21:in `call'
  actionpack (3.2.13) lib/action_dispatch/middleware/show_exceptions.rb:56:in `call'
  railties (3.2.13) lib/rails/rack/logger.rb:32:in `call_app'
  railties (3.2.13) lib/rails/rack/logger.rb:16:in `block in call'
  activesupport (3.2.13) lib/active_support/tagged_logging.rb:22:in `tagged'
  railties (3.2.13) lib/rails/rack/logger.rb:16:in `call'
  actionpack (3.2.13) lib/action_dispatch/middleware/request_id.rb:22:in `call'
  rack (1.4.5) lib/rack/methodoverride.rb:21:in `call'
  rack (1.4.5) lib/rack/runtime.rb:17:in `call'
  activesupport (3.2.13) lib/active_support/cache/strategy/local_cache.rb:72:in `call'
  rack (1.4.5) lib/rack/lock.rb:15:in `call'
  rack-cache (1.2) lib/rack/cache/context.rb:136:in `forward'
  rack-cache (1.2) lib/rack/cache/context.rb:245:in `fetch'
  rack-cache (1.2) lib/rack/cache/context.rb:185:in `lookup'
  rack-cache (1.2) lib/rack/cache/context.rb:66:in `call!'
  rack-cache (1.2) lib/rack/cache/context.rb:51:in `call'
  railties (3.2.13) lib/rails/engine.rb:479:in `call'
  railties (3.2.13) lib/rails/application.rb:223:in `call'
  railties (3.2.13) lib/rails/railtie/configurable.rb:30:in `method_missing'
  passenger (4.0.14) lib/phusion_passenger/rack/thread_handler_extension.rb:77:in `process_request'
  passenger (4.0.14) lib/phusion_passenger/request_handler/thread_handler.rb:140:in `accept_and_process_next_request'
  passenger (4.0.14) lib/phusion_passenger/request_handler/thread_handler.rb:108:in `main_loop'
  passenger (4.0.14) lib/phusion_passenger/request_handler.rb:441:in `block (3 levels) in start_threads'


Started POST "/users/sign_in" for 189.155.200.177 at 2014-01-15 02:36:34 -0700
Processing by Devise::SessionsController#create as HTML
  Parameters: {"utf8"=>"", "authenticity_token"=>"YJN0SxYnmhfLLwdL4yY3v/J0uM+Se+yzDnNLMT3/GVg=", "user"=>{"login"=>"administrator", "password"=>"[FILTERED]"}, "commit"=>"Iniciar sesin"}
Redirected to http://expomobilemc.emobile-demos.com.mx/
Completed 302 Found in 232ms (ActiveRecord: 0.0ms)
Started GET "/" for 189.155.200.177 at 2014-01-15 02:36:35 -0700
Processing by WelcomeController#index as HTML
  Rendered welcome/index.html.erb within layouts/application (0.8ms)
  Rendered layouts/_sidebar.erb (10.5ms)
Compiled exporting.js  (1ms)  (pid 16924)
Completed 500 Internal Server Error in 93ms

ActionView::Template::Error (Permission denied - /home/edemos/Rails/expomobile-mc/tmp/cache/assets/CAE):
    196:     </script>
    197:     <%= yield :javascript_includes %>
    198:     <%= javascript_include_tag "highcharts" %>
    199:     <%= javascript_include_tag "exporting" %>
    200:   </body>
    201: 
    202: </html>
  app/views/layouts/application.html.erb:199:in `_app_views_layouts_application_html_erb___2339498591612282446_42175960'


Connecting to database specified by database.yml
[paperclip] Duplicate URL for logo with /system/:attachment/:id/:style/:filename. This will clash with attachment defined in Event class
[paperclip] Duplicate URL for logo with /system/:attachment/:id/:style/:filename. This will clash with attachment defined in Exhibitor class
Started GET "/" for 189.155.200.177 at 2014-01-15 02:38:38 -0700
Processing by WelcomeController#index as HTML
  Rendered welcome/index.html.erb within layouts/application (2.8ms)
  Rendered layouts/_sidebar.erb (39.0ms)
Compiled exporting.js  (1ms)  (pid 18394)
Completed 200 OK in 735ms (Views: 593.8ms | ActiveRecord: 9.4ms)
Started GET "/assets/exporting-05552ed421ff004b8b0dff9f23febe29.js" for 189.155.200.177 at 2014-01-15 02:38:40 -0700
Served asset /exporting-05552ed421ff004b8b0dff9f23febe29.js - 200 OK (0ms)
Started GET "/resources/images/closelabel.gif" for 189.155.200.177 at 2014-01-15 02:38:41 -0700

ActionController::RoutingError (No route matches [GET] "/resources/images/closelabel.gif"):
  actionpack (3.2.13) lib/action_dispatch/middleware/debug_exceptions.rb:21:in `call'
  actionpack (3.2.13) lib/action_dispatch/middleware/show_exceptions.rb:56:in `call'
  railties (3.2.13) lib/rails/rack/logger.rb:32:in `call_app'
  railties (3.2.13) lib/rails/rack/logger.rb:16:in `block in call'
  activesupport (3.2.13) lib/active_support/tagged_logging.rb:22:in `tagged'
  railties (3.2.13) lib/rails/rack/logger.rb:16:in `call'
  actionpack (3.2.13) lib/action_dispatch/middleware/request_id.rb:22:in `call'
  rack (1.4.5) lib/rack/methodoverride.rb:21:in `call'
  rack (1.4.5) lib/rack/runtime.rb:17:in `call'
  activesupport (3.2.13) lib/active_support/cache/strategy/local_cache.rb:72:in `call'
  rack (1.4.5) lib/rack/lock.rb:15:in `call'
  rack-cache (1.2) lib/rack/cache/context.rb:136:in `forward'
  rack-cache (1.2) lib/rack/cache/context.rb:245:in `fetch'
  rack-cache (1.2) lib/rack/cache/context.rb:185:in `lookup'
  rack-cache (1.2) lib/rack/cache/context.rb:66:in `call!'
  rack-cache (1.2) lib/rack/cache/context.rb:51:in `call'
  railties (3.2.13) lib/rails/engine.rb:479:in `call'
  railties (3.2.13) lib/rails/application.rb:223:in `call'
  railties (3.2.13) lib/rails/railtie/configurable.rb:30:in `method_missing'
  passenger (4.0.14) lib/phusion_passenger/rack/thread_handler_extension.rb:77:in `process_request'
  passenger (4.0.14) lib/phusion_passenger/request_handler/thread_handler.rb:140:in `accept_and_process_next_request'
  passenger (4.0.14) lib/phusion_passenger/request_handler/thread_handler.rb:108:in `main_loop'
  passenger (4.0.14) lib/phusion_passenger/request_handler.rb:441:in `block (3 levels) in start_threads'


Started GET "/resources/images/loading.gif" for 189.155.200.177 at 2014-01-15 02:38:41 -0700

ActionController::RoutingError (No route matches [GET] "/resources/images/loading.gif"):
  actionpack (3.2.13) lib/action_dispatch/middleware/debug_exceptions.rb:21:in `call'
  actionpack (3.2.13) lib/action_dispatch/middleware/show_exceptions.rb:56:in `call'
  railties (3.2.13) lib/rails/rack/logger.rb:32:in `call_app'
  railties (3.2.13) lib/rails/rack/logger.rb:16:in `block in call'
  activesupport (3.2.13) lib/active_support/tagged_logging.rb:22:in `tagged'
  railties (3.2.13) lib/rails/rack/logger.rb:16:in `call'
  actionpack (3.2.13) lib/action_dispatch/middleware/request_id.rb:22:in `call'
  rack (1.4.5) lib/rack/methodoverride.rb:21:in `call'
  rack (1.4.5) lib/rack/runtime.rb:17:in `call'
  activesupport (3.2.13) lib/active_support/cache/strategy/local_cache.rb:72:in `call'
  rack (1.4.5) lib/rack/lock.rb:15:in `call'
  rack-cache (1.2) lib/rack/cache/context.rb:136:in `forward'
  rack-cache (1.2) lib/rack/cache/context.rb:245:in `fetch'
  rack-cache (1.2) lib/rack/cache/context.rb:185:in `lookup'
  rack-cache (1.2) lib/rack/cache/context.rb:66:in `call!'
  rack-cache (1.2) lib/rack/cache/context.rb:51:in `call'
  railties (3.2.13) lib/rails/engine.rb:479:in `call'
  railties (3.2.13) lib/rails/application.rb:223:in `call'
  railties (3.2.13) lib/rails/railtie/configurable.rb:30:in `method_missing'
  passenger (4.0.14) lib/phusion_passenger/rack/thread_handler_extension.rb:77:in `process_request'
  passenger (4.0.14) lib/phusion_passenger/request_handler/thread_handler.rb:140:in `accept_and_process_next_request'
  passenger (4.0.14) lib/phusion_passenger/request_handler/thread_handler.rb:108:in `main_loop'
  passenger (4.0.14) lib/phusion_passenger/request_handler.rb:441:in `block (3 levels) in start_threads'


Connecting to database specified by database.yml
[paperclip] Duplicate URL for logo with /system/:attachment/:id/:style/:filename. This will clash with attachment defined in Event class
[paperclip] Duplicate URL for logo with /system/:attachment/:id/:style/:filename. This will clash with attachment defined in Exhibitor class
Started GET "/" for 189.155.200.177 at 2014-01-15 02:39:58 -0700
Processing by WelcomeController#index as HTML
  Rendered welcome/index.html.erb within layouts/application (2.8ms)
  Rendered layouts/_sidebar.erb (38.7ms)
Completed 200 OK in 247ms (Views: 119.6ms | ActiveRecord: 6.5ms)
Started GET "/resources/images/closelabel.gif" for 189.155.200.177 at 2014-01-15 02:39:58 -0700

ActionController::RoutingError (No route matches [GET] "/resources/images/closelabel.gif"):
  actionpack (3.2.13) lib/action_dispatch/middleware/debug_exceptions.rb:21:in `call'
  actionpack (3.2.13) lib/action_dispatch/middleware/show_exceptions.rb:56:in `call'
  railties (3.2.13) lib/rails/rack/logger.rb:32:in `call_app'
  railties (3.2.13) lib/rails/rack/logger.rb:16:in `block in call'
  activesupport (3.2.13) lib/active_support/tagged_logging.rb:22:in `tagged'
  railties (3.2.13) lib/rails/rack/logger.rb:16:in `call'
  actionpack (3.2.13) lib/action_dispatch/middleware/request_id.rb:22:in `call'
  rack (1.4.5) lib/rack/methodoverride.rb:21:in `call'
  rack (1.4.5) lib/rack/runtime.rb:17:in `call'
  activesupport (3.2.13) lib/active_support/cache/strategy/local_cache.rb:72:in `call'
  rack (1.4.5) lib/rack/lock.rb:15:in `call'
  rack-cache (1.2) lib/rack/cache/context.rb:136:in `forward'
  rack-cache (1.2) lib/rack/cache/context.rb:245:in `fetch'
  rack-cache (1.2) lib/rack/cache/context.rb:185:in `lookup'
  rack-cache (1.2) lib/rack/cache/context.rb:66:in `call!'
  rack-cache (1.2) lib/rack/cache/context.rb:51:in `call'
  railties (3.2.13) lib/rails/engine.rb:479:in `call'
  railties (3.2.13) lib/rails/application.rb:223:in `call'
  railties (3.2.13) lib/rails/railtie/configurable.rb:30:in `method_missing'
  passenger (4.0.14) lib/phusion_passenger/rack/thread_handler_extension.rb:77:in `process_request'
  passenger (4.0.14) lib/phusion_passenger/request_handler/thread_handler.rb:140:in `accept_and_process_next_request'
  passenger (4.0.14) lib/phusion_passenger/request_handler/thread_handler.rb:108:in `main_loop'
  passenger (4.0.14) lib/phusion_passenger/request_handler.rb:441:in `block (3 levels) in start_threads'


Started GET "/resources/images/loading.gif" for 189.155.200.177 at 2014-01-15 02:39:58 -0700

ActionController::RoutingError (No route matches [GET] "/resources/images/loading.gif"):
  actionpack (3.2.13) lib/action_dispatch/middleware/debug_exceptions.rb:21:in `call'
  actionpack (3.2.13) lib/action_dispatch/middleware/show_exceptions.rb:56:in `call'
  railties (3.2.13) lib/rails/rack/logger.rb:32:in `call_app'
  railties (3.2.13) lib/rails/rack/logger.rb:16:in `block in call'
  activesupport (3.2.13) lib/active_support/tagged_logging.rb:22:in `tagged'
  railties (3.2.13) lib/rails/rack/logger.rb:16:in `call'
  actionpack (3.2.13) lib/action_dispatch/middleware/request_id.rb:22:in `call'
  rack (1.4.5) lib/rack/methodoverride.rb:21:in `call'
  rack (1.4.5) lib/rack/runtime.rb:17:in `call'
  activesupport (3.2.13) lib/active_support/cache/strategy/local_cache.rb:72:in `call'
  rack (1.4.5) lib/rack/lock.rb:15:in `call'
  rack-cache (1.2) lib/rack/cache/context.rb:136:in `forward'
  rack-cache (1.2) lib/rack/cache/context.rb:245:in `fetch'
  rack-cache (1.2) lib/rack/cache/context.rb:185:in `lookup'
  rack-cache (1.2) lib/rack/cache/context.rb:66:in `call!'
  rack-cache (1.2) lib/rack/cache/context.rb:51:in `call'
  railties (3.2.13) lib/rails/engine.rb:479:in `call'
  railties (3.2.13) lib/rails/application.rb:223:in `call'
  railties (3.2.13) lib/rails/railtie/configurable.rb:30:in `method_missing'
  passenger (4.0.14) lib/phusion_passenger/rack/thread_handler_extension.rb:77:in `process_request'
  passenger (4.0.14) lib/phusion_passenger/request_handler/thread_handler.rb:140:in `accept_and_process_next_request'
  passenger (4.0.14) lib/phusion_passenger/request_handler/thread_handler.rb:108:in `main_loop'
  passenger (4.0.14) lib/phusion_passenger/request_handler.rb:441:in `block (3 levels) in start_threads'


Started GET "/devise/sessions/sign_out" for 189.155.200.177 at 2014-01-15 02:40:02 -0700
Processing by Devise::SessionsController#destroy as HTML
Redirected to http://expomobilemc.emobile-demos.com.mx/
Completed 302 Found in 13ms (ActiveRecord: 1.0ms)
Started GET "/" for 189.155.200.177 at 2014-01-15 02:40:02 -0700
Processing by WelcomeController#index as HTML
Completed 401 Unauthorized in 2ms
Started GET "/users/sign_in" for 189.155.200.177 at 2014-01-15 02:40:02 -0700
Processing by Devise::SessionsController#new as HTML
  Rendered devise/sessions/new.html.erb within layouts/devise (4.9ms)
  Rendered devise/shared/_links.erb (2.7ms)
Completed 200 OK in 17ms (Views: 14.0ms | ActiveRecord: 0.3ms)
Started GET "/users/resources/images/closelabel.gif" for 189.155.200.177 at 2014-01-15 02:40:02 -0700

ActionController::RoutingError (No route matches [GET] "/users/resources/images/closelabel.gif"):
  actionpack (3.2.13) lib/action_dispatch/middleware/debug_exceptions.rb:21:in `call'
  actionpack (3.2.13) lib/action_dispatch/middleware/show_exceptions.rb:56:in `call'
  railties (3.2.13) lib/rails/rack/logger.rb:32:in `call_app'
  railties (3.2.13) lib/rails/rack/logger.rb:16:in `block in call'
  activesupport (3.2.13) lib/active_support/tagged_logging.rb:22:in `tagged'
  railties (3.2.13) lib/rails/rack/logger.rb:16:in `call'
  actionpack (3.2.13) lib/action_dispatch/middleware/request_id.rb:22:in `call'
  rack (1.4.5) lib/rack/methodoverride.rb:21:in `call'
  rack (1.4.5) lib/rack/runtime.rb:17:in `call'
  activesupport (3.2.13) lib/active_support/cache/strategy/local_cache.rb:72:in `call'
  rack (1.4.5) lib/rack/lock.rb:15:in `call'
  rack-cache (1.2) lib/rack/cache/context.rb:136:in `forward'
  rack-cache (1.2) lib/rack/cache/context.rb:245:in `fetch'
  rack-cache (1.2) lib/rack/cache/context.rb:185:in `lookup'
  rack-cache (1.2) lib/rack/cache/context.rb:66:in `call!'
  rack-cache (1.2) lib/rack/cache/context.rb:51:in `call'
  railties (3.2.13) lib/rails/engine.rb:479:in `call'
  railties (3.2.13) lib/rails/application.rb:223:in `call'
  railties (3.2.13) lib/rails/railtie/configurable.rb:30:in `method_missing'
  passenger (4.0.14) lib/phusion_passenger/rack/thread_handler_extension.rb:77:in `process_request'
  passenger (4.0.14) lib/phusion_passenger/request_handler/thread_handler.rb:140:in `accept_and_process_next_request'
  passenger (4.0.14) lib/phusion_passenger/request_handler/thread_handler.rb:108:in `main_loop'
  passenger (4.0.14) lib/phusion_passenger/request_handler.rb:441:in `block (3 levels) in start_threads'


Started GET "/users/resources/images/loading.gif" for 189.155.200.177 at 2014-01-15 02:40:02 -0700

ActionController::RoutingError (No route matches [GET] "/users/resources/images/loading.gif"):
  actionpack (3.2.13) lib/action_dispatch/middleware/debug_exceptions.rb:21:in `call'
  actionpack (3.2.13) lib/action_dispatch/middleware/show_exceptions.rb:56:in `call'
  railties (3.2.13) lib/rails/rack/logger.rb:32:in `call_app'
  railties (3.2.13) lib/rails/rack/logger.rb:16:in `block in call'
  activesupport (3.2.13) lib/active_support/tagged_logging.rb:22:in `tagged'
  railties (3.2.13) lib/rails/rack/logger.rb:16:in `call'
  actionpack (3.2.13) lib/action_dispatch/middleware/request_id.rb:22:in `call'
  rack (1.4.5) lib/rack/methodoverride.rb:21:in `call'
  rack (1.4.5) lib/rack/runtime.rb:17:in `call'
  activesupport (3.2.13) lib/active_support/cache/strategy/local_cache.rb:72:in `call'
  rack (1.4.5) lib/rack/lock.rb:15:in `call'
  rack-cache (1.2) lib/rack/cache/context.rb:136:in `forward'
  rack-cache (1.2) lib/rack/cache/context.rb:245:in `fetch'
  rack-cache (1.2) lib/rack/cache/context.rb:185:in `lookup'
  rack-cache (1.2) lib/rack/cache/context.rb:66:in `call!'
  rack-cache (1.2) lib/rack/cache/context.rb:51:in `call'
  railties (3.2.13) lib/rails/engine.rb:479:in `call'
  railties (3.2.13) lib/rails/application.rb:223:in `call'
  railties (3.2.13) lib/rails/railtie/configurable.rb:30:in `method_missing'
  passenger (4.0.14) lib/phusion_passenger/rack/thread_handler_extension.rb:77:in `process_request'
  passenger (4.0.14) lib/phusion_passenger/request_handler/thread_handler.rb:140:in `accept_and_process_next_request'
  passenger (4.0.14) lib/phusion_passenger/request_handler/thread_handler.rb:108:in `main_loop'
  passenger (4.0.14) lib/phusion_passenger/request_handler.rb:441:in `block (3 levels) in start_threads'


Started POST "/users/sign_in" for 189.155.200.177 at 2014-01-15 02:40:10 -0700
Processing by Devise::SessionsController#create as HTML
  Parameters: {"utf8"=>"", "authenticity_token"=>"vHrsraFNnHB/YfuFAj2k0G3MpojV5YzS27e1+tm6d/I=", "user"=>{"login"=>"administrator", "password"=>"[FILTERED]"}, "commit"=>"Iniciar sesin"}
Redirected to http://expomobilemc.emobile-demos.com.mx/
Completed 302 Found in 148ms (ActiveRecord: 0.0ms)
Started GET "/" for 189.155.200.177 at 2014-01-15 02:40:11 -0700
Processing by WelcomeController#index as HTML
  Rendered welcome/index.html.erb within layouts/application (0.3ms)
  Rendered layouts/_sidebar.erb (5.3ms)
Completed 200 OK in 12ms (Views: 8.5ms | ActiveRecord: 0.9ms)
Started GET "/resources/images/closelabel.gif" for 189.155.200.177 at 2014-01-15 02:40:11 -0700

ActionController::RoutingError (No route matches [GET] "/resources/images/closelabel.gif"):
  actionpack (3.2.13) lib/action_dispatch/middleware/debug_exceptions.rb:21:in `call'
  actionpack (3.2.13) lib/action_dispatch/middleware/show_exceptions.rb:56:in `call'
  railties (3.2.13) lib/rails/rack/logger.rb:32:in `call_app'
  railties (3.2.13) lib/rails/rack/logger.rb:16:in `block in call'
  activesupport (3.2.13) lib/active_support/tagged_logging.rb:22:in `tagged'
  railties (3.2.13) lib/rails/rack/logger.rb:16:in `call'
  actionpack (3.2.13) lib/action_dispatch/middleware/request_id.rb:22:in `call'
  rack (1.4.5) lib/rack/methodoverride.rb:21:in `call'
  rack (1.4.5) lib/rack/runtime.rb:17:in `call'
  activesupport (3.2.13) lib/active_support/cache/strategy/local_cache.rb:72:in `call'
  rack (1.4.5) lib/rack/lock.rb:15:in `call'
  rack-cache (1.2) lib/rack/cache/context.rb:136:in `forward'
  rack-cache (1.2) lib/rack/cache/context.rb:245:in `fetch'
  rack-cache (1.2) lib/rack/cache/context.rb:185:in `lookup'
  rack-cache (1.2) lib/rack/cache/context.rb:66:in `call!'
  rack-cache (1.2) lib/rack/cache/context.rb:51:in `call'
  railties (3.2.13) lib/rails/engine.rb:479:in `call'
  railties (3.2.13) lib/rails/application.rb:223:in `call'
  railties (3.2.13) lib/rails/railtie/configurable.rb:30:in `method_missing'
  passenger (4.0.14) lib/phusion_passenger/rack/thread_handler_extension.rb:77:in `process_request'
  passenger (4.0.14) lib/phusion_passenger/request_handler/thread_handler.rb:140:in `accept_and_process_next_request'
  passenger (4.0.14) lib/phusion_passenger/request_handler/thread_handler.rb:108:in `main_loop'
  passenger (4.0.14) lib/phusion_passenger/request_handler.rb:441:in `block (3 levels) in start_threads'


Started GET "/resources/images/loading.gif" for 189.155.200.177 at 2014-01-15 02:40:11 -0700

ActionController::RoutingError (No route matches [GET] "/resources/images/loading.gif"):
  actionpack (3.2.13) lib/action_dispatch/middleware/debug_exceptions.rb:21:in `call'
  actionpack (3.2.13) lib/action_dispatch/middleware/show_exceptions.rb:56:in `call'
  railties (3.2.13) lib/rails/rack/logger.rb:32:in `call_app'
  railties (3.2.13) lib/rails/rack/logger.rb:16:in `block in call'
  activesupport (3.2.13) lib/active_support/tagged_logging.rb:22:in `tagged'
  railties (3.2.13) lib/rails/rack/logger.rb:16:in `call'
  actionpack (3.2.13) lib/action_dispatch/middleware/request_id.rb:22:in `call'
  rack (1.4.5) lib/rack/methodoverride.rb:21:in `call'
  rack (1.4.5) lib/rack/runtime.rb:17:in `call'
  activesupport (3.2.13) lib/active_support/cache/strategy/local_cache.rb:72:in `call'
  rack (1.4.5) lib/rack/lock.rb:15:in `call'
  rack-cache (1.2) lib/rack/cache/context.rb:136:in `forward'
  rack-cache (1.2) lib/rack/cache/context.rb:245:in `fetch'
  rack-cache (1.2) lib/rack/cache/context.rb:185:in `lookup'
  rack-cache (1.2) lib/rack/cache/context.rb:66:in `call!'
  rack-cache (1.2) lib/rack/cache/context.rb:51:in `call'
  railties (3.2.13) lib/rails/engine.rb:479:in `call'
  railties (3.2.13) lib/rails/application.rb:223:in `call'
  railties (3.2.13) lib/rails/railtie/configurable.rb:30:in `method_missing'
  passenger (4.0.14) lib/phusion_passenger/rack/thread_handler_extension.rb:77:in `process_request'
  passenger (4.0.14) lib/phusion_passenger/request_handler/thread_handler.rb:140:in `accept_and_process_next_request'
  passenger (4.0.14) lib/phusion_passenger/request_handler/thread_handler.rb:108:in `main_loop'
  passenger (4.0.14) lib/phusion_passenger/request_handler.rb:441:in `block (3 levels) in start_threads'


Started GET "/events" for 189.155.200.177 at 2014-01-15 02:40:16 -0700
Processing by EventsController#index as HTML
  Rendered layouts/_pagination.erb (135.0ms)
  Rendered layouts/_index_links.erb (202.9ms)
  Rendered layouts/_index_links.erb (1.5ms)
  Rendered layouts/_action_links.erb (3.6ms)
Compiled events.js  (0ms)  (pid 19203)
  Rendered layouts/_first_tab.erb (1.2ms)
  Rendered events/_form.html.erb (914.2ms)
  Rendered layouts/_second_tab.erb (916.5ms)
  Rendered events/index.html.erb within layouts/application (1267.7ms)
  Rendered layouts/_sidebar.erb (37.3ms)
Completed 200 OK in 1337ms (Views: 1308.0ms | ActiveRecord: 13.1ms)
Started GET "/assets/events-dc56c1d57297399fbad3257206842048.js" for 189.155.200.177 at 2014-01-15 02:40:18 -0700
Served asset /events-dc56c1d57297399fbad3257206842048.js - 200 OK (0ms)
Started GET "/resources/images/closelabel.gif" for 189.155.200.177 at 2014-01-15 02:40:18 -0700

ActionController::RoutingError (No route matches [GET] "/resources/images/closelabel.gif"):
  actionpack (3.2.13) lib/action_dispatch/middleware/debug_exceptions.rb:21:in `call'
  actionpack (3.2.13) lib/action_dispatch/middleware/show_exceptions.rb:56:in `call'
  railties (3.2.13) lib/rails/rack/logger.rb:32:in `call_app'
  railties (3.2.13) lib/rails/rack/logger.rb:16:in `block in call'
  activesupport (3.2.13) lib/active_support/tagged_logging.rb:22:in `tagged'
  railties (3.2.13) lib/rails/rack/logger.rb:16:in `call'
  actionpack (3.2.13) lib/action_dispatch/middleware/request_id.rb:22:in `call'
  rack (1.4.5) lib/rack/methodoverride.rb:21:in `call'
  rack (1.4.5) lib/rack/runtime.rb:17:in `call'
  activesupport (3.2.13) lib/active_support/cache/strategy/local_cache.rb:72:in `call'
  rack (1.4.5) lib/rack/lock.rb:15:in `call'
  rack-cache (1.2) lib/rack/cache/context.rb:136:in `forward'
  rack-cache (1.2) lib/rack/cache/context.rb:245:in `fetch'
  rack-cache (1.2) lib/rack/cache/context.rb:185:in `lookup'
  rack-cache (1.2) lib/rack/cache/context.rb:66:in `call!'
  rack-cache (1.2) lib/rack/cache/context.rb:51:in `call'
  railties (3.2.13) lib/rails/engine.rb:479:in `call'
  railties (3.2.13) lib/rails/application.rb:223:in `call'
  railties (3.2.13) lib/rails/railtie/configurable.rb:30:in `method_missing'
  passenger (4.0.14) lib/phusion_passenger/rack/thread_handler_extension.rb:77:in `process_request'
  passenger (4.0.14) lib/phusion_passenger/request_handler/thread_handler.rb:140:in `accept_and_process_next_request'
  passenger (4.0.14) lib/phusion_passenger/request_handler/thread_handler.rb:108:in `main_loop'
  passenger (4.0.14) lib/phusion_passenger/request_handler.rb:441:in `block (3 levels) in start_threads'


Started GET "/resources/images/loading.gif" for 189.155.200.177 at 2014-01-15 02:40:18 -0700

ActionController::RoutingError (No route matches [GET] "/resources/images/loading.gif"):
  actionpack (3.2.13) lib/action_dispatch/middleware/debug_exceptions.rb:21:in `call'
  actionpack (3.2.13) lib/action_dispatch/middleware/show_exceptions.rb:56:in `call'
  railties (3.2.13) lib/rails/rack/logger.rb:32:in `call_app'
  railties (3.2.13) lib/rails/rack/logger.rb:16:in `block in call'
  activesupport (3.2.13) lib/active_support/tagged_logging.rb:22:in `tagged'
  railties (3.2.13) lib/rails/rack/logger.rb:16:in `call'
  actionpack (3.2.13) lib/action_dispatch/middleware/request_id.rb:22:in `call'
  rack (1.4.5) lib/rack/methodoverride.rb:21:in `call'
  rack (1.4.5) lib/rack/runtime.rb:17:in `call'
  activesupport (3.2.13) lib/active_support/cache/strategy/local_cache.rb:72:in `call'
  rack (1.4.5) lib/rack/lock.rb:15:in `call'
  rack-cache (1.2) lib/rack/cache/context.rb:136:in `forward'
  rack-cache (1.2) lib/rack/cache/context.rb:245:in `fetch'
  rack-cache (1.2) lib/rack/cache/context.rb:185:in `lookup'
  rack-cache (1.2) lib/rack/cache/context.rb:66:in `call!'
  rack-cache (1.2) lib/rack/cache/context.rb:51:in `call'
  railties (3.2.13) lib/rails/engine.rb:479:in `call'
  railties (3.2.13) lib/rails/application.rb:223:in `call'
  railties (3.2.13) lib/rails/railtie/configurable.rb:30:in `method_missing'
  passenger (4.0.14) lib/phusion_passenger/rack/thread_handler_extension.rb:77:in `process_request'
  passenger (4.0.14) lib/phusion_passenger/request_handler/thread_handler.rb:140:in `accept_and_process_next_request'
  passenger (4.0.14) lib/phusion_passenger/request_handler/thread_handler.rb:108:in `main_loop'
  passenger (4.0.14) lib/phusion_passenger/request_handler.rb:441:in `block (3 levels) in start_threads'


Started GET "/system_configurations/1/edit" for 189.155.200.177 at 2014-01-15 02:40:25 -0700
Processing by SystemConfigurationsController#edit as HTML
  Parameters: {"id"=>"1"}
Compiled system_configurations.js  (0ms)  (pid 19203)
  Rendered layouts/_first_tab.erb (0.8ms)
  Rendered system_configurations/_form.html.erb (44.4ms)
  Rendered layouts/_action_links.erb (2.1ms)
  Rendered system_configurations/edit.html.erb within layouts/application (48.0ms)
  Rendered layouts/_sidebar.erb (6.7ms)
Completed 200 OK in 84ms (Views: 46.0ms | ActiveRecord: 24.1ms)
Started GET "/assets/system_configurations-56477f3deccbe87ed596c66c97cc7ffa.js" for 189.155.200.177 at 2014-01-15 02:40:25 -0700
Served asset /system_configurations-56477f3deccbe87ed596c66c97cc7ffa.js - 200 OK (0ms)
Started GET "/system_configurations/1/resources/images/closelabel.gif" for 189.155.200.177 at 2014-01-15 02:40:26 -0700

ActionController::RoutingError (No route matches [GET] "/system_configurations/1/resources/images/closelabel.gif"):
  actionpack (3.2.13) lib/action_dispatch/middleware/debug_exceptions.rb:21:in `call'
  actionpack (3.2.13) lib/action_dispatch/middleware/show_exceptions.rb:56:in `call'
  railties (3.2.13) lib/rails/rack/logger.rb:32:in `call_app'
  railties (3.2.13) lib/rails/rack/logger.rb:16:in `block in call'
  activesupport (3.2.13) lib/active_support/tagged_logging.rb:22:in `tagged'
  railties (3.2.13) lib/rails/rack/logger.rb:16:in `call'
  actionpack (3.2.13) lib/action_dispatch/middleware/request_id.rb:22:in `call'
  rack (1.4.5) lib/rack/methodoverride.rb:21:in `call'
  rack (1.4.5) lib/rack/runtime.rb:17:in `call'
  activesupport (3.2.13) lib/active_support/cache/strategy/local_cache.rb:72:in `call'
  rack (1.4.5) lib/rack/lock.rb:15:in `call'
  rack-cache (1.2) lib/rack/cache/context.rb:136:in `forward'
  rack-cache (1.2) lib/rack/cache/context.rb:245:in `fetch'
  rack-cache (1.2) lib/rack/cache/context.rb:185:in `lookup'
  rack-cache (1.2) lib/rack/cache/context.rb:66:in `call!'
  rack-cache (1.2) lib/rack/cache/context.rb:51:in `call'
  railties (3.2.13) lib/rails/engine.rb:479:in `call'
  railties (3.2.13) lib/rails/application.rb:223:in `call'
  railties (3.2.13) lib/rails/railtie/configurable.rb:30:in `method_missing'
  passenger (4.0.14) lib/phusion_passenger/rack/thread_handler_extension.rb:77:in `process_request'
  passenger (4.0.14) lib/phusion_passenger/request_handler/thread_handler.rb:140:in `accept_and_process_next_request'
  passenger (4.0.14) lib/phusion_passenger/request_handler/thread_handler.rb:108:in `main_loop'
  passenger (4.0.14) lib/phusion_passenger/request_handler.rb:441:in `block (3 levels) in start_threads'


Started GET "/system_configurations/1/resources/images/loading.gif" for 189.155.200.177 at 2014-01-15 02:40:26 -0700

ActionController::RoutingError (No route matches [GET] "/system_configurations/1/resources/images/loading.gif"):
  actionpack (3.2.13) lib/action_dispatch/middleware/debug_exceptions.rb:21:in `call'
  actionpack (3.2.13) lib/action_dispatch/middleware/show_exceptions.rb:56:in `call'
  railties (3.2.13) lib/rails/rack/logger.rb:32:in `call_app'
  railties (3.2.13) lib/rails/rack/logger.rb:16:in `block in call'
  activesupport (3.2.13) lib/active_support/tagged_logging.rb:22:in `tagged'
  railties (3.2.13) lib/rails/rack/logger.rb:16:in `call'
  actionpack (3.2.13) lib/action_dispatch/middleware/request_id.rb:22:in `call'
  rack (1.4.5) lib/rack/methodoverride.rb:21:in `call'
  rack (1.4.5) lib/rack/runtime.rb:17:in `call'
  activesupport (3.2.13) lib/active_support/cache/strategy/local_cache.rb:72:in `call'
  rack (1.4.5) lib/rack/lock.rb:15:in `call'
  rack-cache (1.2) lib/rack/cache/context.rb:136:in `forward'
  rack-cache (1.2) lib/rack/cache/context.rb:245:in `fetch'
  rack-cache (1.2) lib/rack/cache/context.rb:185:in `lookup'
  rack-cache (1.2) lib/rack/cache/context.rb:66:in `call!'
  rack-cache (1.2) lib/rack/cache/context.rb:51:in `call'
  railties (3.2.13) lib/rails/engine.rb:479:in `call'
  railties (3.2.13) lib/rails/application.rb:223:in `call'
  railties (3.2.13) lib/rails/railtie/configurable.rb:30:in `method_missing'
  passenger (4.0.14) lib/phusion_passenger/rack/thread_handler_extension.rb:77:in `process_request'
  passenger (4.0.14) lib/phusion_passenger/request_handler/thread_handler.rb:140:in `accept_and_process_next_request'
  passenger (4.0.14) lib/phusion_passenger/request_handler/thread_handler.rb:108:in `main_loop'
  passenger (4.0.14) lib/phusion_passenger/request_handler.rb:441:in `block (3 levels) in start_threads'


Started GET "/devise/sessions/sign_out" for 189.155.200.177 at 2014-01-15 02:40:42 -0700
Processing by Devise::SessionsController#destroy as HTML
Redirected to http://expomobilemc.emobile-demos.com.mx/
Completed 302 Found in 8ms (ActiveRecord: 4.7ms)
Started GET "/" for 189.155.200.177 at 2014-01-15 02:40:42 -0700
Processing by WelcomeController#index as HTML
Completed 401 Unauthorized in 1ms
Started GET "/users/sign_in" for 189.155.200.177 at 2014-01-15 02:40:42 -0700
Processing by Devise::SessionsController#new as HTML
  Rendered devise/sessions/new.html.erb within layouts/devise (2.4ms)
  Rendered devise/shared/_links.erb (0.8ms)
Completed 200 OK in 8ms (Views: 6.1ms | ActiveRecord: 0.2ms)
Started GET "/users/resources/images/closelabel.gif" for 189.155.200.177 at 2014-01-15 02:40:43 -0700

ActionController::RoutingError (No route matches [GET] "/users/resources/images/closelabel.gif"):
  actionpack (3.2.13) lib/action_dispatch/middleware/debug_exceptions.rb:21:in `call'
  actionpack (3.2.13) lib/action_dispatch/middleware/show_exceptions.rb:56:in `call'
  railties (3.2.13) lib/rails/rack/logger.rb:32:in `call_app'
  railties (3.2.13) lib/rails/rack/logger.rb:16:in `block in call'
  activesupport (3.2.13) lib/active_support/tagged_logging.rb:22:in `tagged'
  railties (3.2.13) lib/rails/rack/logger.rb:16:in `call'
  actionpack (3.2.13) lib/action_dispatch/middleware/request_id.rb:22:in `call'
  rack (1.4.5) lib/rack/methodoverride.rb:21:in `call'
  rack (1.4.5) lib/rack/runtime.rb:17:in `call'
  activesupport (3.2.13) lib/active_support/cache/strategy/local_cache.rb:72:in `call'
  rack (1.4.5) lib/rack/lock.rb:15:in `call'
  rack-cache (1.2) lib/rack/cache/context.rb:136:in `forward'
  rack-cache (1.2) lib/rack/cache/context.rb:245:in `fetch'
  rack-cache (1.2) lib/rack/cache/context.rb:185:in `lookup'
  rack-cache (1.2) lib/rack/cache/context.rb:66:in `call!'
  rack-cache (1.2) lib/rack/cache/context.rb:51:in `call'
  railties (3.2.13) lib/rails/engine.rb:479:in `call'
  railties (3.2.13) lib/rails/application.rb:223:in `call'
  railties (3.2.13) lib/rails/railtie/configurable.rb:30:in `method_missing'
  passenger (4.0.14) lib/phusion_passenger/rack/thread_handler_extension.rb:77:in `process_request'
  passenger (4.0.14) lib/phusion_passenger/request_handler/thread_handler.rb:140:in `accept_and_process_next_request'
  passenger (4.0.14) lib/phusion_passenger/request_handler/thread_handler.rb:108:in `main_loop'
  passenger (4.0.14) lib/phusion_passenger/request_handler.rb:441:in `block (3 levels) in start_threads'


Started GET "/users/resources/images/loading.gif" for 189.155.200.177 at 2014-01-15 02:40:43 -0700

ActionController::RoutingError (No route matches [GET] "/users/resources/images/loading.gif"):
  actionpack (3.2.13) lib/action_dispatch/middleware/debug_exceptions.rb:21:in `call'
  actionpack (3.2.13) lib/action_dispatch/middleware/show_exceptions.rb:56:in `call'
  railties (3.2.13) lib/rails/rack/logger.rb:32:in `call_app'
  railties (3.2.13) lib/rails/rack/logger.rb:16:in `block in call'
  activesupport (3.2.13) lib/active_support/tagged_logging.rb:22:in `tagged'
  railties (3.2.13) lib/rails/rack/logger.rb:16:in `call'
  actionpack (3.2.13) lib/action_dispatch/middleware/request_id.rb:22:in `call'
  rack (1.4.5) lib/rack/methodoverride.rb:21:in `call'
  rack (1.4.5) lib/rack/runtime.rb:17:in `call'
  activesupport (3.2.13) lib/active_support/cache/strategy/local_cache.rb:72:in `call'
  rack (1.4.5) lib/rack/lock.rb:15:in `call'
  rack-cache (1.2) lib/rack/cache/context.rb:136:in `forward'
  rack-cache (1.2) lib/rack/cache/context.rb:245:in `fetch'
  rack-cache (1.2) lib/rack/cache/context.rb:185:in `lookup'
  rack-cache (1.2) lib/rack/cache/context.rb:66:in `call!'
  rack-cache (1.2) lib/rack/cache/context.rb:51:in `call'
  railties (3.2.13) lib/rails/engine.rb:479:in `call'
  railties (3.2.13) lib/rails/application.rb:223:in `call'
  railties (3.2.13) lib/rails/railtie/configurable.rb:30:in `method_missing'
  passenger (4.0.14) lib/phusion_passenger/rack/thread_handler_extension.rb:77:in `process_request'
  passenger (4.0.14) lib/phusion_passenger/request_handler/thread_handler.rb:140:in `accept_and_process_next_request'
  passenger (4.0.14) lib/phusion_passenger/request_handler/thread_handler.rb:108:in `main_loop'
  passenger (4.0.14) lib/phusion_passenger/request_handler.rb:441:in `block (3 levels) in start_threads'


